CRITICAL - 2021-12-24 08:40:30 --> Attempt to read property "cover_buku" on array
#0 C:\xampp\htdocs\perpustakaan\app\Views\dashboard\Buku.php(33): CodeIgniter\Debug\Exceptions->errorHandler(2, 'Attempt to read...', 'C:\\xampp\\htdocs...', 33)
#1 C:\xampp\htdocs\perpustakaan\system\View\View.php(214): include('C:\\xampp\\htdocs...')
#2 C:\xampp\htdocs\perpustakaan\system\View\View.php(217): CodeIgniter\View\View->CodeIgniter\View\{closure}()
#3 C:\xampp\htdocs\perpustakaan\system\Common.php(1097): CodeIgniter\View\View->render('dashboard/buku', Array, true)
#4 C:\xampp\htdocs\perpustakaan\app\Controllers\Buku.php(15): view('dashboard/buku', Array)
#5 C:\xampp\htdocs\perpustakaan\system\CodeIgniter.php(824): App\Controllers\Buku->index()
#6 C:\xampp\htdocs\perpustakaan\system\CodeIgniter.php(410): CodeIgniter\CodeIgniter->runController(Object(App\Controllers\Buku))
#7 C:\xampp\htdocs\perpustakaan\system\CodeIgniter.php(318): CodeIgniter\CodeIgniter->handleRequest(NULL, Object(Config\Cache), false)
#8 C:\xampp\htdocs\perpustakaan\public\index.php(37): CodeIgniter\CodeIgniter->run()
#9 C:\xampp\htdocs\perpustakaan\system\Commands\Server\rewrite.php(43): require_once('C:\\xampp\\htdocs...')
#10 {main}
CRITICAL - 2021-12-24 08:41:50 --> Undefined variable $mahasiswa
#0 C:\xampp\htdocs\perpustakaan\app\Views\dashboard\Buku.php(33): CodeIgniter\Debug\Exceptions->errorHandler(2, 'Undefined varia...', 'C:\\xampp\\htdocs...', 33)
#1 C:\xampp\htdocs\perpustakaan\system\View\View.php(214): include('C:\\xampp\\htdocs...')
#2 C:\xampp\htdocs\perpustakaan\system\View\View.php(217): CodeIgniter\View\View->CodeIgniter\View\{closure}()
#3 C:\xampp\htdocs\perpustakaan\system\Common.php(1097): CodeIgniter\View\View->render('dashboard/buku', Array, true)
#4 C:\xampp\htdocs\perpustakaan\app\Controllers\Buku.php(15): view('dashboard/buku', Array)
#5 C:\xampp\htdocs\perpustakaan\system\CodeIgniter.php(824): App\Controllers\Buku->index()
#6 C:\xampp\htdocs\perpustakaan\system\CodeIgniter.php(410): CodeIgniter\CodeIgniter->runController(Object(App\Controllers\Buku))
#7 C:\xampp\htdocs\perpustakaan\system\CodeIgniter.php(318): CodeIgniter\CodeIgniter->handleRequest(NULL, Object(Config\Cache), false)
#8 C:\xampp\htdocs\perpustakaan\public\index.php(37): CodeIgniter\CodeIgniter->run()
#9 C:\xampp\htdocs\perpustakaan\system\Commands\Server\rewrite.php(43): require_once('C:\\xampp\\htdocs...')
#10 {main}
CRITICAL - 2021-12-24 08:41:52 --> Undefined variable $mahasiswa
#0 C:\xampp\htdocs\perpustakaan\app\Views\dashboard\Buku.php(33): CodeIgniter\Debug\Exceptions->errorHandler(2, 'Undefined varia...', 'C:\\xampp\\htdocs...', 33)
#1 C:\xampp\htdocs\perpustakaan\system\View\View.php(214): include('C:\\xampp\\htdocs...')
#2 C:\xampp\htdocs\perpustakaan\system\View\View.php(217): CodeIgniter\View\View->CodeIgniter\View\{closure}()
#3 C:\xampp\htdocs\perpustakaan\system\Common.php(1097): CodeIgniter\View\View->render('dashboard/buku', Array, true)
#4 C:\xampp\htdocs\perpustakaan\app\Controllers\Buku.php(15): view('dashboard/buku', Array)
#5 C:\xampp\htdocs\perpustakaan\system\CodeIgniter.php(824): App\Controllers\Buku->index()
#6 C:\xampp\htdocs\perpustakaan\system\CodeIgniter.php(410): CodeIgniter\CodeIgniter->runController(Object(App\Controllers\Buku))
#7 C:\xampp\htdocs\perpustakaan\system\CodeIgniter.php(318): CodeIgniter\CodeIgniter->handleRequest(NULL, Object(Config\Cache), false)
#8 C:\xampp\htdocs\perpustakaan\public\index.php(37): CodeIgniter\CodeIgniter->run()
#9 C:\xampp\htdocs\perpustakaan\system\Commands\Server\rewrite.php(43): require_once('C:\\xampp\\htdocs...')
#10 {main}
CRITICAL - 2021-12-24 08:41:53 --> Undefined variable $mahasiswa
#0 C:\xampp\htdocs\perpustakaan\app\Views\dashboard\Buku.php(33): CodeIgniter\Debug\Exceptions->errorHandler(2, 'Undefined varia...', 'C:\\xampp\\htdocs...', 33)
#1 C:\xampp\htdocs\perpustakaan\system\View\View.php(214): include('C:\\xampp\\htdocs...')
#2 C:\xampp\htdocs\perpustakaan\system\View\View.php(217): CodeIgniter\View\View->CodeIgniter\View\{closure}()
#3 C:\xampp\htdocs\perpustakaan\system\Common.php(1097): CodeIgniter\View\View->render('dashboard/buku', Array, true)
#4 C:\xampp\htdocs\perpustakaan\app\Controllers\Buku.php(15): view('dashboard/buku', Array)
#5 C:\xampp\htdocs\perpustakaan\system\CodeIgniter.php(824): App\Controllers\Buku->index()
#6 C:\xampp\htdocs\perpustakaan\system\CodeIgniter.php(410): CodeIgniter\CodeIgniter->runController(Object(App\Controllers\Buku))
#7 C:\xampp\htdocs\perpustakaan\system\CodeIgniter.php(318): CodeIgniter\CodeIgniter->handleRequest(NULL, Object(Config\Cache), false)
#8 C:\xampp\htdocs\perpustakaan\public\index.php(37): CodeIgniter\CodeIgniter->run()
#9 C:\xampp\htdocs\perpustakaan\system\Commands\Server\rewrite.php(43): require_once('C:\\xampp\\htdocs...')
#10 {main}
CRITICAL - 2021-12-24 08:41:53 --> Undefined variable $mahasiswa
#0 C:\xampp\htdocs\perpustakaan\app\Views\dashboard\Buku.php(33): CodeIgniter\Debug\Exceptions->errorHandler(2, 'Undefined varia...', 'C:\\xampp\\htdocs...', 33)
#1 C:\xampp\htdocs\perpustakaan\system\View\View.php(214): include('C:\\xampp\\htdocs...')
#2 C:\xampp\htdocs\perpustakaan\system\View\View.php(217): CodeIgniter\View\View->CodeIgniter\View\{closure}()
#3 C:\xampp\htdocs\perpustakaan\system\Common.php(1097): CodeIgniter\View\View->render('dashboard/buku', Array, true)
#4 C:\xampp\htdocs\perpustakaan\app\Controllers\Buku.php(15): view('dashboard/buku', Array)
#5 C:\xampp\htdocs\perpustakaan\system\CodeIgniter.php(824): App\Controllers\Buku->index()
#6 C:\xampp\htdocs\perpustakaan\system\CodeIgniter.php(410): CodeIgniter\CodeIgniter->runController(Object(App\Controllers\Buku))
#7 C:\xampp\htdocs\perpustakaan\system\CodeIgniter.php(318): CodeIgniter\CodeIgniter->handleRequest(NULL, Object(Config\Cache), false)
#8 C:\xampp\htdocs\perpustakaan\public\index.php(37): CodeIgniter\CodeIgniter->run()
#9 C:\xampp\htdocs\perpustakaan\system\Commands\Server\rewrite.php(43): require_once('C:\\xampp\\htdocs...')
#10 {main}
CRITICAL - 2021-12-24 08:41:54 --> Undefined variable $mahasiswa
#0 C:\xampp\htdocs\perpustakaan\app\Views\dashboard\Buku.php(33): CodeIgniter\Debug\Exceptions->errorHandler(2, 'Undefined varia...', 'C:\\xampp\\htdocs...', 33)
#1 C:\xampp\htdocs\perpustakaan\system\View\View.php(214): include('C:\\xampp\\htdocs...')
#2 C:\xampp\htdocs\perpustakaan\system\View\View.php(217): CodeIgniter\View\View->CodeIgniter\View\{closure}()
#3 C:\xampp\htdocs\perpustakaan\system\Common.php(1097): CodeIgniter\View\View->render('dashboard/buku', Array, true)
#4 C:\xampp\htdocs\perpustakaan\app\Controllers\Buku.php(15): view('dashboard/buku', Array)
#5 C:\xampp\htdocs\perpustakaan\system\CodeIgniter.php(824): App\Controllers\Buku->index()
#6 C:\xampp\htdocs\perpustakaan\system\CodeIgniter.php(410): CodeIgniter\CodeIgniter->runController(Object(App\Controllers\Buku))
#7 C:\xampp\htdocs\perpustakaan\system\CodeIgniter.php(318): CodeIgniter\CodeIgniter->handleRequest(NULL, Object(Config\Cache), false)
#8 C:\xampp\htdocs\perpustakaan\public\index.php(37): CodeIgniter\CodeIgniter->run()
#9 C:\xampp\htdocs\perpustakaan\system\Commands\Server\rewrite.php(43): require_once('C:\\xampp\\htdocs...')
#10 {main}
CRITICAL - 2021-12-24 08:41:54 --> Undefined variable $mahasiswa
#0 C:\xampp\htdocs\perpustakaan\app\Views\dashboard\Buku.php(33): CodeIgniter\Debug\Exceptions->errorHandler(2, 'Undefined varia...', 'C:\\xampp\\htdocs...', 33)
#1 C:\xampp\htdocs\perpustakaan\system\View\View.php(214): include('C:\\xampp\\htdocs...')
#2 C:\xampp\htdocs\perpustakaan\system\View\View.php(217): CodeIgniter\View\View->CodeIgniter\View\{closure}()
#3 C:\xampp\htdocs\perpustakaan\system\Common.php(1097): CodeIgniter\View\View->render('dashboard/buku', Array, true)
#4 C:\xampp\htdocs\perpustakaan\app\Controllers\Buku.php(15): view('dashboard/buku', Array)
#5 C:\xampp\htdocs\perpustakaan\system\CodeIgniter.php(824): App\Controllers\Buku->index()
#6 C:\xampp\htdocs\perpustakaan\system\CodeIgniter.php(410): CodeIgniter\CodeIgniter->runController(Object(App\Controllers\Buku))
#7 C:\xampp\htdocs\perpustakaan\system\CodeIgniter.php(318): CodeIgniter\CodeIgniter->handleRequest(NULL, Object(Config\Cache), false)
#8 C:\xampp\htdocs\perpustakaan\public\index.php(37): CodeIgniter\CodeIgniter->run()
#9 C:\xampp\htdocs\perpustakaan\system\Commands\Server\rewrite.php(43): require_once('C:\\xampp\\htdocs...')
#10 {main}
CRITICAL - 2021-12-24 08:41:55 --> Undefined variable $mahasiswa
#0 C:\xampp\htdocs\perpustakaan\app\Views\dashboard\Buku.php(33): CodeIgniter\Debug\Exceptions->errorHandler(2, 'Undefined varia...', 'C:\\xampp\\htdocs...', 33)
#1 C:\xampp\htdocs\perpustakaan\system\View\View.php(214): include('C:\\xampp\\htdocs...')
#2 C:\xampp\htdocs\perpustakaan\system\View\View.php(217): CodeIgniter\View\View->CodeIgniter\View\{closure}()
#3 C:\xampp\htdocs\perpustakaan\system\Common.php(1097): CodeIgniter\View\View->render('dashboard/buku', Array, true)
#4 C:\xampp\htdocs\perpustakaan\app\Controllers\Buku.php(15): view('dashboard/buku', Array)
#5 C:\xampp\htdocs\perpustakaan\system\CodeIgniter.php(824): App\Controllers\Buku->index()
#6 C:\xampp\htdocs\perpustakaan\system\CodeIgniter.php(410): CodeIgniter\CodeIgniter->runController(Object(App\Controllers\Buku))
#7 C:\xampp\htdocs\perpustakaan\system\CodeIgniter.php(318): CodeIgniter\CodeIgniter->handleRequest(NULL, Object(Config\Cache), false)
#8 C:\xampp\htdocs\perpustakaan\public\index.php(37): CodeIgniter\CodeIgniter->run()
#9 C:\xampp\htdocs\perpustakaan\system\Commands\Server\rewrite.php(43): require_once('C:\\xampp\\htdocs...')
#10 {main}
CRITICAL - 2021-12-24 08:42:12 --> Attempt to read property "cover_buku" on array
#0 C:\xampp\htdocs\perpustakaan\app\Views\dashboard\Buku.php(33): CodeIgniter\Debug\Exceptions->errorHandler(2, 'Attempt to read...', 'C:\\xampp\\htdocs...', 33)
#1 C:\xampp\htdocs\perpustakaan\system\View\View.php(214): include('C:\\xampp\\htdocs...')
#2 C:\xampp\htdocs\perpustakaan\system\View\View.php(217): CodeIgniter\View\View->CodeIgniter\View\{closure}()
#3 C:\xampp\htdocs\perpustakaan\system\Common.php(1097): CodeIgniter\View\View->render('dashboard/buku', Array, true)
#4 C:\xampp\htdocs\perpustakaan\app\Controllers\Buku.php(15): view('dashboard/buku', Array)
#5 C:\xampp\htdocs\perpustakaan\system\CodeIgniter.php(824): App\Controllers\Buku->index()
#6 C:\xampp\htdocs\perpustakaan\system\CodeIgniter.php(410): CodeIgniter\CodeIgniter->runController(Object(App\Controllers\Buku))
#7 C:\xampp\htdocs\perpustakaan\system\CodeIgniter.php(318): CodeIgniter\CodeIgniter->handleRequest(NULL, Object(Config\Cache), false)
#8 C:\xampp\htdocs\perpustakaan\public\index.php(37): CodeIgniter\CodeIgniter->run()
#9 C:\xampp\htdocs\perpustakaan\system\Commands\Server\rewrite.php(43): require_once('C:\\xampp\\htdocs...')
#10 {main}
CRITICAL - 2021-12-24 08:42:13 --> Attempt to read property "cover_buku" on array
#0 C:\xampp\htdocs\perpustakaan\app\Views\dashboard\Buku.php(33): CodeIgniter\Debug\Exceptions->errorHandler(2, 'Attempt to read...', 'C:\\xampp\\htdocs...', 33)
#1 C:\xampp\htdocs\perpustakaan\system\View\View.php(214): include('C:\\xampp\\htdocs...')
#2 C:\xampp\htdocs\perpustakaan\system\View\View.php(217): CodeIgniter\View\View->CodeIgniter\View\{closure}()
#3 C:\xampp\htdocs\perpustakaan\system\Common.php(1097): CodeIgniter\View\View->render('dashboard/buku', Array, true)
#4 C:\xampp\htdocs\perpustakaan\app\Controllers\Buku.php(15): view('dashboard/buku', Array)
#5 C:\xampp\htdocs\perpustakaan\system\CodeIgniter.php(824): App\Controllers\Buku->index()
#6 C:\xampp\htdocs\perpustakaan\system\CodeIgniter.php(410): CodeIgniter\CodeIgniter->runController(Object(App\Controllers\Buku))
#7 C:\xampp\htdocs\perpustakaan\system\CodeIgniter.php(318): CodeIgniter\CodeIgniter->handleRequest(NULL, Object(Config\Cache), false)
#8 C:\xampp\htdocs\perpustakaan\public\index.php(37): CodeIgniter\CodeIgniter->run()
#9 C:\xampp\htdocs\perpustakaan\system\Commands\Server\rewrite.php(43): require_once('C:\\xampp\\htdocs...')
#10 {main}
CRITICAL - 2021-12-24 08:42:13 --> Attempt to read property "cover_buku" on array
#0 C:\xampp\htdocs\perpustakaan\app\Views\dashboard\Buku.php(33): CodeIgniter\Debug\Exceptions->errorHandler(2, 'Attempt to read...', 'C:\\xampp\\htdocs...', 33)
#1 C:\xampp\htdocs\perpustakaan\system\View\View.php(214): include('C:\\xampp\\htdocs...')
#2 C:\xampp\htdocs\perpustakaan\system\View\View.php(217): CodeIgniter\View\View->CodeIgniter\View\{closure}()
#3 C:\xampp\htdocs\perpustakaan\system\Common.php(1097): CodeIgniter\View\View->render('dashboard/buku', Array, true)
#4 C:\xampp\htdocs\perpustakaan\app\Controllers\Buku.php(15): view('dashboard/buku', Array)
#5 C:\xampp\htdocs\perpustakaan\system\CodeIgniter.php(824): App\Controllers\Buku->index()
#6 C:\xampp\htdocs\perpustakaan\system\CodeIgniter.php(410): CodeIgniter\CodeIgniter->runController(Object(App\Controllers\Buku))
#7 C:\xampp\htdocs\perpustakaan\system\CodeIgniter.php(318): CodeIgniter\CodeIgniter->handleRequest(NULL, Object(Config\Cache), false)
#8 C:\xampp\htdocs\perpustakaan\public\index.php(37): CodeIgniter\CodeIgniter->run()
#9 C:\xampp\htdocs\perpustakaan\system\Commands\Server\rewrite.php(43): require_once('C:\\xampp\\htdocs...')
#10 {main}
CRITICAL - 2021-12-24 08:42:13 --> Attempt to read property "cover_buku" on array
#0 C:\xampp\htdocs\perpustakaan\app\Views\dashboard\Buku.php(33): CodeIgniter\Debug\Exceptions->errorHandler(2, 'Attempt to read...', 'C:\\xampp\\htdocs...', 33)
#1 C:\xampp\htdocs\perpustakaan\system\View\View.php(214): include('C:\\xampp\\htdocs...')
#2 C:\xampp\htdocs\perpustakaan\system\View\View.php(217): CodeIgniter\View\View->CodeIgniter\View\{closure}()
#3 C:\xampp\htdocs\perpustakaan\system\Common.php(1097): CodeIgniter\View\View->render('dashboard/buku', Array, true)
#4 C:\xampp\htdocs\perpustakaan\app\Controllers\Buku.php(15): view('dashboard/buku', Array)
#5 C:\xampp\htdocs\perpustakaan\system\CodeIgniter.php(824): App\Controllers\Buku->index()
#6 C:\xampp\htdocs\perpustakaan\system\CodeIgniter.php(410): CodeIgniter\CodeIgniter->runController(Object(App\Controllers\Buku))
#7 C:\xampp\htdocs\perpustakaan\system\CodeIgniter.php(318): CodeIgniter\CodeIgniter->handleRequest(NULL, Object(Config\Cache), false)
#8 C:\xampp\htdocs\perpustakaan\public\index.php(37): CodeIgniter\CodeIgniter->run()
#9 C:\xampp\htdocs\perpustakaan\system\Commands\Server\rewrite.php(43): require_once('C:\\xampp\\htdocs...')
#10 {main}
CRITICAL - 2021-12-24 08:42:13 --> Attempt to read property "cover_buku" on array
#0 C:\xampp\htdocs\perpustakaan\app\Views\dashboard\Buku.php(33): CodeIgniter\Debug\Exceptions->errorHandler(2, 'Attempt to read...', 'C:\\xampp\\htdocs...', 33)
#1 C:\xampp\htdocs\perpustakaan\system\View\View.php(214): include('C:\\xampp\\htdocs...')
#2 C:\xampp\htdocs\perpustakaan\system\View\View.php(217): CodeIgniter\View\View->CodeIgniter\View\{closure}()
#3 C:\xampp\htdocs\perpustakaan\system\Common.php(1097): CodeIgniter\View\View->render('dashboard/buku', Array, true)
#4 C:\xampp\htdocs\perpustakaan\app\Controllers\Buku.php(15): view('dashboard/buku', Array)
#5 C:\xampp\htdocs\perpustakaan\system\CodeIgniter.php(824): App\Controllers\Buku->index()
#6 C:\xampp\htdocs\perpustakaan\system\CodeIgniter.php(410): CodeIgniter\CodeIgniter->runController(Object(App\Controllers\Buku))
#7 C:\xampp\htdocs\perpustakaan\system\CodeIgniter.php(318): CodeIgniter\CodeIgniter->handleRequest(NULL, Object(Config\Cache), false)
#8 C:\xampp\htdocs\perpustakaan\public\index.php(37): CodeIgniter\CodeIgniter->run()
#9 C:\xampp\htdocs\perpustakaan\system\Commands\Server\rewrite.php(43): require_once('C:\\xampp\\htdocs...')
#10 {main}
CRITICAL - 2021-12-24 08:42:14 --> Attempt to read property "cover_buku" on array
#0 C:\xampp\htdocs\perpustakaan\app\Views\dashboard\Buku.php(33): CodeIgniter\Debug\Exceptions->errorHandler(2, 'Attempt to read...', 'C:\\xampp\\htdocs...', 33)
#1 C:\xampp\htdocs\perpustakaan\system\View\View.php(214): include('C:\\xampp\\htdocs...')
#2 C:\xampp\htdocs\perpustakaan\system\View\View.php(217): CodeIgniter\View\View->CodeIgniter\View\{closure}()
#3 C:\xampp\htdocs\perpustakaan\system\Common.php(1097): CodeIgniter\View\View->render('dashboard/buku', Array, true)
#4 C:\xampp\htdocs\perpustakaan\app\Controllers\Buku.php(15): view('dashboard/buku', Array)
#5 C:\xampp\htdocs\perpustakaan\system\CodeIgniter.php(824): App\Controllers\Buku->index()
#6 C:\xampp\htdocs\perpustakaan\system\CodeIgniter.php(410): CodeIgniter\CodeIgniter->runController(Object(App\Controllers\Buku))
#7 C:\xampp\htdocs\perpustakaan\system\CodeIgniter.php(318): CodeIgniter\CodeIgniter->handleRequest(NULL, Object(Config\Cache), false)
#8 C:\xampp\htdocs\perpustakaan\public\index.php(37): CodeIgniter\CodeIgniter->run()
#9 C:\xampp\htdocs\perpustakaan\system\Commands\Server\rewrite.php(43): require_once('C:\\xampp\\htdocs...')
#10 {main}
CRITICAL - 2021-12-24 08:42:14 --> Attempt to read property "cover_buku" on array
#0 C:\xampp\htdocs\perpustakaan\app\Views\dashboard\Buku.php(33): CodeIgniter\Debug\Exceptions->errorHandler(2, 'Attempt to read...', 'C:\\xampp\\htdocs...', 33)
#1 C:\xampp\htdocs\perpustakaan\system\View\View.php(214): include('C:\\xampp\\htdocs...')
#2 C:\xampp\htdocs\perpustakaan\system\View\View.php(217): CodeIgniter\View\View->CodeIgniter\View\{closure}()
#3 C:\xampp\htdocs\perpustakaan\system\Common.php(1097): CodeIgniter\View\View->render('dashboard/buku', Array, true)
#4 C:\xampp\htdocs\perpustakaan\app\Controllers\Buku.php(15): view('dashboard/buku', Array)
#5 C:\xampp\htdocs\perpustakaan\system\CodeIgniter.php(824): App\Controllers\Buku->index()
#6 C:\xampp\htdocs\perpustakaan\system\CodeIgniter.php(410): CodeIgniter\CodeIgniter->runController(Object(App\Controllers\Buku))
#7 C:\xampp\htdocs\perpustakaan\system\CodeIgniter.php(318): CodeIgniter\CodeIgniter->handleRequest(NULL, Object(Config\Cache), false)
#8 C:\xampp\htdocs\perpustakaan\public\index.php(37): CodeIgniter\CodeIgniter->run()
#9 C:\xampp\htdocs\perpustakaan\system\Commands\Server\rewrite.php(43): require_once('C:\\xampp\\htdocs...')
#10 {main}
CRITICAL - 2021-12-24 08:42:15 --> Attempt to read property "cover_buku" on array
#0 C:\xampp\htdocs\perpustakaan\app\Views\dashboard\Buku.php(33): CodeIgniter\Debug\Exceptions->errorHandler(2, 'Attempt to read...', 'C:\\xampp\\htdocs...', 33)
#1 C:\xampp\htdocs\perpustakaan\system\View\View.php(214): include('C:\\xampp\\htdocs...')
#2 C:\xampp\htdocs\perpustakaan\system\View\View.php(217): CodeIgniter\View\View->CodeIgniter\View\{closure}()
#3 C:\xampp\htdocs\perpustakaan\system\Common.php(1097): CodeIgniter\View\View->render('dashboard/buku', Array, true)
#4 C:\xampp\htdocs\perpustakaan\app\Controllers\Buku.php(15): view('dashboard/buku', Array)
#5 C:\xampp\htdocs\perpustakaan\system\CodeIgniter.php(824): App\Controllers\Buku->index()
#6 C:\xampp\htdocs\perpustakaan\system\CodeIgniter.php(410): CodeIgniter\CodeIgniter->runController(Object(App\Controllers\Buku))
#7 C:\xampp\htdocs\perpustakaan\system\CodeIgniter.php(318): CodeIgniter\CodeIgniter->handleRequest(NULL, Object(Config\Cache), false)
#8 C:\xampp\htdocs\perpustakaan\public\index.php(37): CodeIgniter\CodeIgniter->run()
#9 C:\xampp\htdocs\perpustakaan\system\Commands\Server\rewrite.php(43): require_once('C:\\xampp\\htdocs...')
#10 {main}
CRITICAL - 2021-12-24 08:42:16 --> Attempt to read property "cover_buku" on array
#0 C:\xampp\htdocs\perpustakaan\app\Views\dashboard\Buku.php(33): CodeIgniter\Debug\Exceptions->errorHandler(2, 'Attempt to read...', 'C:\\xampp\\htdocs...', 33)
#1 C:\xampp\htdocs\perpustakaan\system\View\View.php(214): include('C:\\xampp\\htdocs...')
#2 C:\xampp\htdocs\perpustakaan\system\View\View.php(217): CodeIgniter\View\View->CodeIgniter\View\{closure}()
#3 C:\xampp\htdocs\perpustakaan\system\Common.php(1097): CodeIgniter\View\View->render('dashboard/buku', Array, true)
#4 C:\xampp\htdocs\perpustakaan\app\Controllers\Buku.php(15): view('dashboard/buku', Array)
#5 C:\xampp\htdocs\perpustakaan\system\CodeIgniter.php(824): App\Controllers\Buku->index()
#6 C:\xampp\htdocs\perpustakaan\system\CodeIgniter.php(410): CodeIgniter\CodeIgniter->runController(Object(App\Controllers\Buku))
#7 C:\xampp\htdocs\perpustakaan\system\CodeIgniter.php(318): CodeIgniter\CodeIgniter->handleRequest(NULL, Object(Config\Cache), false)
#8 C:\xampp\htdocs\perpustakaan\public\index.php(37): CodeIgniter\CodeIgniter->run()
#9 C:\xampp\htdocs\perpustakaan\system\Commands\Server\rewrite.php(43): require_once('C:\\xampp\\htdocs...')
#10 {main}
CRITICAL - 2021-12-24 08:42:16 --> Attempt to read property "cover_buku" on array
#0 C:\xampp\htdocs\perpustakaan\app\Views\dashboard\Buku.php(33): CodeIgniter\Debug\Exceptions->errorHandler(2, 'Attempt to read...', 'C:\\xampp\\htdocs...', 33)
#1 C:\xampp\htdocs\perpustakaan\system\View\View.php(214): include('C:\\xampp\\htdocs...')
#2 C:\xampp\htdocs\perpustakaan\system\View\View.php(217): CodeIgniter\View\View->CodeIgniter\View\{closure}()
#3 C:\xampp\htdocs\perpustakaan\system\Common.php(1097): CodeIgniter\View\View->render('dashboard/buku', Array, true)
#4 C:\xampp\htdocs\perpustakaan\app\Controllers\Buku.php(15): view('dashboard/buku', Array)
#5 C:\xampp\htdocs\perpustakaan\system\CodeIgniter.php(824): App\Controllers\Buku->index()
#6 C:\xampp\htdocs\perpustakaan\system\CodeIgniter.php(410): CodeIgniter\CodeIgniter->runController(Object(App\Controllers\Buku))
#7 C:\xampp\htdocs\perpustakaan\system\CodeIgniter.php(318): CodeIgniter\CodeIgniter->handleRequest(NULL, Object(Config\Cache), false)
#8 C:\xampp\htdocs\perpustakaan\public\index.php(37): CodeIgniter\CodeIgniter->run()
#9 C:\xampp\htdocs\perpustakaan\system\Commands\Server\rewrite.php(43): require_once('C:\\xampp\\htdocs...')
#10 {main}
CRITICAL - 2021-12-24 08:42:16 --> Attempt to read property "cover_buku" on array
#0 C:\xampp\htdocs\perpustakaan\app\Views\dashboard\Buku.php(33): CodeIgniter\Debug\Exceptions->errorHandler(2, 'Attempt to read...', 'C:\\xampp\\htdocs...', 33)
#1 C:\xampp\htdocs\perpustakaan\system\View\View.php(214): include('C:\\xampp\\htdocs...')
#2 C:\xampp\htdocs\perpustakaan\system\View\View.php(217): CodeIgniter\View\View->CodeIgniter\View\{closure}()
#3 C:\xampp\htdocs\perpustakaan\system\Common.php(1097): CodeIgniter\View\View->render('dashboard/buku', Array, true)
#4 C:\xampp\htdocs\perpustakaan\app\Controllers\Buku.php(15): view('dashboard/buku', Array)
#5 C:\xampp\htdocs\perpustakaan\system\CodeIgniter.php(824): App\Controllers\Buku->index()
#6 C:\xampp\htdocs\perpustakaan\system\CodeIgniter.php(410): CodeIgniter\CodeIgniter->runController(Object(App\Controllers\Buku))
#7 C:\xampp\htdocs\perpustakaan\system\CodeIgniter.php(318): CodeIgniter\CodeIgniter->handleRequest(NULL, Object(Config\Cache), false)
#8 C:\xampp\htdocs\perpustakaan\public\index.php(37): CodeIgniter\CodeIgniter->run()
#9 C:\xampp\htdocs\perpustakaan\system\Commands\Server\rewrite.php(43): require_once('C:\\xampp\\htdocs...')
#10 {main}
CRITICAL - 2021-12-24 08:42:16 --> Attempt to read property "cover_buku" on array
#0 C:\xampp\htdocs\perpustakaan\app\Views\dashboard\Buku.php(33): CodeIgniter\Debug\Exceptions->errorHandler(2, 'Attempt to read...', 'C:\\xampp\\htdocs...', 33)
#1 C:\xampp\htdocs\perpustakaan\system\View\View.php(214): include('C:\\xampp\\htdocs...')
#2 C:\xampp\htdocs\perpustakaan\system\View\View.php(217): CodeIgniter\View\View->CodeIgniter\View\{closure}()
#3 C:\xampp\htdocs\perpustakaan\system\Common.php(1097): CodeIgniter\View\View->render('dashboard/buku', Array, true)
#4 C:\xampp\htdocs\perpustakaan\app\Controllers\Buku.php(15): view('dashboard/buku', Array)
#5 C:\xampp\htdocs\perpustakaan\system\CodeIgniter.php(824): App\Controllers\Buku->index()
#6 C:\xampp\htdocs\perpustakaan\system\CodeIgniter.php(410): CodeIgniter\CodeIgniter->runController(Object(App\Controllers\Buku))
#7 C:\xampp\htdocs\perpustakaan\system\CodeIgniter.php(318): CodeIgniter\CodeIgniter->handleRequest(NULL, Object(Config\Cache), false)
#8 C:\xampp\htdocs\perpustakaan\public\index.php(37): CodeIgniter\CodeIgniter->run()
#9 C:\xampp\htdocs\perpustakaan\system\Commands\Server\rewrite.php(43): require_once('C:\\xampp\\htdocs...')
#10 {main}
CRITICAL - 2021-12-24 08:42:17 --> Attempt to read property "cover_buku" on array
#0 C:\xampp\htdocs\perpustakaan\app\Views\dashboard\Buku.php(33): CodeIgniter\Debug\Exceptions->errorHandler(2, 'Attempt to read...', 'C:\\xampp\\htdocs...', 33)
#1 C:\xampp\htdocs\perpustakaan\system\View\View.php(214): include('C:\\xampp\\htdocs...')
#2 C:\xampp\htdocs\perpustakaan\system\View\View.php(217): CodeIgniter\View\View->CodeIgniter\View\{closure}()
#3 C:\xampp\htdocs\perpustakaan\system\Common.php(1097): CodeIgniter\View\View->render('dashboard/buku', Array, true)
#4 C:\xampp\htdocs\perpustakaan\app\Controllers\Buku.php(15): view('dashboard/buku', Array)
#5 C:\xampp\htdocs\perpustakaan\system\CodeIgniter.php(824): App\Controllers\Buku->index()
#6 C:\xampp\htdocs\perpustakaan\system\CodeIgniter.php(410): CodeIgniter\CodeIgniter->runController(Object(App\Controllers\Buku))
#7 C:\xampp\htdocs\perpustakaan\system\CodeIgniter.php(318): CodeIgniter\CodeIgniter->handleRequest(NULL, Object(Config\Cache), false)
#8 C:\xampp\htdocs\perpustakaan\public\index.php(37): CodeIgniter\CodeIgniter->run()
#9 C:\xampp\htdocs\perpustakaan\system\Commands\Server\rewrite.php(43): require_once('C:\\xampp\\htdocs...')
#10 {main}
CRITICAL - 2021-12-24 08:42:17 --> Attempt to read property "cover_buku" on array
#0 C:\xampp\htdocs\perpustakaan\app\Views\dashboard\Buku.php(33): CodeIgniter\Debug\Exceptions->errorHandler(2, 'Attempt to read...', 'C:\\xampp\\htdocs...', 33)
#1 C:\xampp\htdocs\perpustakaan\system\View\View.php(214): include('C:\\xampp\\htdocs...')
#2 C:\xampp\htdocs\perpustakaan\system\View\View.php(217): CodeIgniter\View\View->CodeIgniter\View\{closure}()
#3 C:\xampp\htdocs\perpustakaan\system\Common.php(1097): CodeIgniter\View\View->render('dashboard/buku', Array, true)
#4 C:\xampp\htdocs\perpustakaan\app\Controllers\Buku.php(15): view('dashboard/buku', Array)
#5 C:\xampp\htdocs\perpustakaan\system\CodeIgniter.php(824): App\Controllers\Buku->index()
#6 C:\xampp\htdocs\perpustakaan\system\CodeIgniter.php(410): CodeIgniter\CodeIgniter->runController(Object(App\Controllers\Buku))
#7 C:\xampp\htdocs\perpustakaan\system\CodeIgniter.php(318): CodeIgniter\CodeIgniter->handleRequest(NULL, Object(Config\Cache), false)
#8 C:\xampp\htdocs\perpustakaan\public\index.php(37): CodeIgniter\CodeIgniter->run()
#9 C:\xampp\htdocs\perpustakaan\system\Commands\Server\rewrite.php(43): require_once('C:\\xampp\\htdocs...')
#10 {main}
CRITICAL - 2021-12-24 08:42:17 --> Attempt to read property "cover_buku" on array
#0 C:\xampp\htdocs\perpustakaan\app\Views\dashboard\Buku.php(33): CodeIgniter\Debug\Exceptions->errorHandler(2, 'Attempt to read...', 'C:\\xampp\\htdocs...', 33)
#1 C:\xampp\htdocs\perpustakaan\system\View\View.php(214): include('C:\\xampp\\htdocs...')
#2 C:\xampp\htdocs\perpustakaan\system\View\View.php(217): CodeIgniter\View\View->CodeIgniter\View\{closure}()
#3 C:\xampp\htdocs\perpustakaan\system\Common.php(1097): CodeIgniter\View\View->render('dashboard/buku', Array, true)
#4 C:\xampp\htdocs\perpustakaan\app\Controllers\Buku.php(15): view('dashboard/buku', Array)
#5 C:\xampp\htdocs\perpustakaan\system\CodeIgniter.php(824): App\Controllers\Buku->index()
#6 C:\xampp\htdocs\perpustakaan\system\CodeIgniter.php(410): CodeIgniter\CodeIgniter->runController(Object(App\Controllers\Buku))
#7 C:\xampp\htdocs\perpustakaan\system\CodeIgniter.php(318): CodeIgniter\CodeIgniter->handleRequest(NULL, Object(Config\Cache), false)
#8 C:\xampp\htdocs\perpustakaan\public\index.php(37): CodeIgniter\CodeIgniter->run()
#9 C:\xampp\htdocs\perpustakaan\system\Commands\Server\rewrite.php(43): require_once('C:\\xampp\\htdocs...')
#10 {main}
CRITICAL - 2021-12-24 08:42:18 --> Attempt to read property "cover_buku" on array
#0 C:\xampp\htdocs\perpustakaan\app\Views\dashboard\Buku.php(33): CodeIgniter\Debug\Exceptions->errorHandler(2, 'Attempt to read...', 'C:\\xampp\\htdocs...', 33)
#1 C:\xampp\htdocs\perpustakaan\system\View\View.php(214): include('C:\\xampp\\htdocs...')
#2 C:\xampp\htdocs\perpustakaan\system\View\View.php(217): CodeIgniter\View\View->CodeIgniter\View\{closure}()
#3 C:\xampp\htdocs\perpustakaan\system\Common.php(1097): CodeIgniter\View\View->render('dashboard/buku', Array, true)
#4 C:\xampp\htdocs\perpustakaan\app\Controllers\Buku.php(15): view('dashboard/buku', Array)
#5 C:\xampp\htdocs\perpustakaan\system\CodeIgniter.php(824): App\Controllers\Buku->index()
#6 C:\xampp\htdocs\perpustakaan\system\CodeIgniter.php(410): CodeIgniter\CodeIgniter->runController(Object(App\Controllers\Buku))
#7 C:\xampp\htdocs\perpustakaan\system\CodeIgniter.php(318): CodeIgniter\CodeIgniter->handleRequest(NULL, Object(Config\Cache), false)
#8 C:\xampp\htdocs\perpustakaan\public\index.php(37): CodeIgniter\CodeIgniter->run()
#9 C:\xampp\htdocs\perpustakaan\system\Commands\Server\rewrite.php(43): require_once('C:\\xampp\\htdocs...')
#10 {main}
CRITICAL - 2021-12-24 08:42:18 --> Attempt to read property "cover_buku" on array
#0 C:\xampp\htdocs\perpustakaan\app\Views\dashboard\Buku.php(33): CodeIgniter\Debug\Exceptions->errorHandler(2, 'Attempt to read...', 'C:\\xampp\\htdocs...', 33)
#1 C:\xampp\htdocs\perpustakaan\system\View\View.php(214): include('C:\\xampp\\htdocs...')
#2 C:\xampp\htdocs\perpustakaan\system\View\View.php(217): CodeIgniter\View\View->CodeIgniter\View\{closure}()
#3 C:\xampp\htdocs\perpustakaan\system\Common.php(1097): CodeIgniter\View\View->render('dashboard/buku', Array, true)
#4 C:\xampp\htdocs\perpustakaan\app\Controllers\Buku.php(15): view('dashboard/buku', Array)
#5 C:\xampp\htdocs\perpustakaan\system\CodeIgniter.php(824): App\Controllers\Buku->index()
#6 C:\xampp\htdocs\perpustakaan\system\CodeIgniter.php(410): CodeIgniter\CodeIgniter->runController(Object(App\Controllers\Buku))
#7 C:\xampp\htdocs\perpustakaan\system\CodeIgniter.php(318): CodeIgniter\CodeIgniter->handleRequest(NULL, Object(Config\Cache), false)
#8 C:\xampp\htdocs\perpustakaan\public\index.php(37): CodeIgniter\CodeIgniter->run()
#9 C:\xampp\htdocs\perpustakaan\system\Commands\Server\rewrite.php(43): require_once('C:\\xampp\\htdocs...')
#10 {main}
CRITICAL - 2021-12-24 08:42:18 --> Attempt to read property "cover_buku" on array
#0 C:\xampp\htdocs\perpustakaan\app\Views\dashboard\Buku.php(33): CodeIgniter\Debug\Exceptions->errorHandler(2, 'Attempt to read...', 'C:\\xampp\\htdocs...', 33)
#1 C:\xampp\htdocs\perpustakaan\system\View\View.php(214): include('C:\\xampp\\htdocs...')
#2 C:\xampp\htdocs\perpustakaan\system\View\View.php(217): CodeIgniter\View\View->CodeIgniter\View\{closure}()
#3 C:\xampp\htdocs\perpustakaan\system\Common.php(1097): CodeIgniter\View\View->render('dashboard/buku', Array, true)
#4 C:\xampp\htdocs\perpustakaan\app\Controllers\Buku.php(15): view('dashboard/buku', Array)
#5 C:\xampp\htdocs\perpustakaan\system\CodeIgniter.php(824): App\Controllers\Buku->index()
#6 C:\xampp\htdocs\perpustakaan\system\CodeIgniter.php(410): CodeIgniter\CodeIgniter->runController(Object(App\Controllers\Buku))
#7 C:\xampp\htdocs\perpustakaan\system\CodeIgniter.php(318): CodeIgniter\CodeIgniter->handleRequest(NULL, Object(Config\Cache), false)
#8 C:\xampp\htdocs\perpustakaan\public\index.php(37): CodeIgniter\CodeIgniter->run()
#9 C:\xampp\htdocs\perpustakaan\system\Commands\Server\rewrite.php(43): require_once('C:\\xampp\\htdocs...')
#10 {main}
CRITICAL - 2021-12-24 08:51:06 --> Attempt to read property "cover_buku" on array
#0 C:\xampp\htdocs\perpustakaan\app\Views\dashboard\Buku.php(34): CodeIgniter\Debug\Exceptions->errorHandler(2, 'Attempt to read...', 'C:\\xampp\\htdocs...', 34)
#1 C:\xampp\htdocs\perpustakaan\system\View\View.php(214): include('C:\\xampp\\htdocs...')
#2 C:\xampp\htdocs\perpustakaan\system\View\View.php(217): CodeIgniter\View\View->CodeIgniter\View\{closure}()
#3 C:\xampp\htdocs\perpustakaan\system\Common.php(1097): CodeIgniter\View\View->render('dashboard/buku', Array, true)
#4 C:\xampp\htdocs\perpustakaan\app\Controllers\Buku.php(15): view('dashboard/buku', Array)
#5 C:\xampp\htdocs\perpustakaan\system\CodeIgniter.php(824): App\Controllers\Buku->index()
#6 C:\xampp\htdocs\perpustakaan\system\CodeIgniter.php(410): CodeIgniter\CodeIgniter->runController(Object(App\Controllers\Buku))
#7 C:\xampp\htdocs\perpustakaan\system\CodeIgniter.php(318): CodeIgniter\CodeIgniter->handleRequest(NULL, Object(Config\Cache), false)
#8 C:\xampp\htdocs\perpustakaan\public\index.php(37): CodeIgniter\CodeIgniter->run()
#9 C:\xampp\htdocs\perpustakaan\system\Commands\Server\rewrite.php(43): require_once('C:\\xampp\\htdocs...')
#10 {main}
CRITICAL - 2021-12-24 08:51:07 --> Attempt to read property "cover_buku" on array
#0 C:\xampp\htdocs\perpustakaan\app\Views\dashboard\Buku.php(34): CodeIgniter\Debug\Exceptions->errorHandler(2, 'Attempt to read...', 'C:\\xampp\\htdocs...', 34)
#1 C:\xampp\htdocs\perpustakaan\system\View\View.php(214): include('C:\\xampp\\htdocs...')
#2 C:\xampp\htdocs\perpustakaan\system\View\View.php(217): CodeIgniter\View\View->CodeIgniter\View\{closure}()
#3 C:\xampp\htdocs\perpustakaan\system\Common.php(1097): CodeIgniter\View\View->render('dashboard/buku', Array, true)
#4 C:\xampp\htdocs\perpustakaan\app\Controllers\Buku.php(15): view('dashboard/buku', Array)
#5 C:\xampp\htdocs\perpustakaan\system\CodeIgniter.php(824): App\Controllers\Buku->index()
#6 C:\xampp\htdocs\perpustakaan\system\CodeIgniter.php(410): CodeIgniter\CodeIgniter->runController(Object(App\Controllers\Buku))
#7 C:\xampp\htdocs\perpustakaan\system\CodeIgniter.php(318): CodeIgniter\CodeIgniter->handleRequest(NULL, Object(Config\Cache), false)
#8 C:\xampp\htdocs\perpustakaan\public\index.php(37): CodeIgniter\CodeIgniter->run()
#9 C:\xampp\htdocs\perpustakaan\system\Commands\Server\rewrite.php(43): require_once('C:\\xampp\\htdocs...')
#10 {main}
CRITICAL - 2021-12-24 08:51:07 --> Attempt to read property "cover_buku" on array
#0 C:\xampp\htdocs\perpustakaan\app\Views\dashboard\Buku.php(34): CodeIgniter\Debug\Exceptions->errorHandler(2, 'Attempt to read...', 'C:\\xampp\\htdocs...', 34)
#1 C:\xampp\htdocs\perpustakaan\system\View\View.php(214): include('C:\\xampp\\htdocs...')
#2 C:\xampp\htdocs\perpustakaan\system\View\View.php(217): CodeIgniter\View\View->CodeIgniter\View\{closure}()
#3 C:\xampp\htdocs\perpustakaan\system\Common.php(1097): CodeIgniter\View\View->render('dashboard/buku', Array, true)
#4 C:\xampp\htdocs\perpustakaan\app\Controllers\Buku.php(15): view('dashboard/buku', Array)
#5 C:\xampp\htdocs\perpustakaan\system\CodeIgniter.php(824): App\Controllers\Buku->index()
#6 C:\xampp\htdocs\perpustakaan\system\CodeIgniter.php(410): CodeIgniter\CodeIgniter->runController(Object(App\Controllers\Buku))
#7 C:\xampp\htdocs\perpustakaan\system\CodeIgniter.php(318): CodeIgniter\CodeIgniter->handleRequest(NULL, Object(Config\Cache), false)
#8 C:\xampp\htdocs\perpustakaan\public\index.php(37): CodeIgniter\CodeIgniter->run()
#9 C:\xampp\htdocs\perpustakaan\system\Commands\Server\rewrite.php(43): require_once('C:\\xampp\\htdocs...')
#10 {main}
CRITICAL - 2021-12-24 08:51:07 --> Attempt to read property "cover_buku" on array
#0 C:\xampp\htdocs\perpustakaan\app\Views\dashboard\Buku.php(34): CodeIgniter\Debug\Exceptions->errorHandler(2, 'Attempt to read...', 'C:\\xampp\\htdocs...', 34)
#1 C:\xampp\htdocs\perpustakaan\system\View\View.php(214): include('C:\\xampp\\htdocs...')
#2 C:\xampp\htdocs\perpustakaan\system\View\View.php(217): CodeIgniter\View\View->CodeIgniter\View\{closure}()
#3 C:\xampp\htdocs\perpustakaan\system\Common.php(1097): CodeIgniter\View\View->render('dashboard/buku', Array, true)
#4 C:\xampp\htdocs\perpustakaan\app\Controllers\Buku.php(15): view('dashboard/buku', Array)
#5 C:\xampp\htdocs\perpustakaan\system\CodeIgniter.php(824): App\Controllers\Buku->index()
#6 C:\xampp\htdocs\perpustakaan\system\CodeIgniter.php(410): CodeIgniter\CodeIgniter->runController(Object(App\Controllers\Buku))
#7 C:\xampp\htdocs\perpustakaan\system\CodeIgniter.php(318): CodeIgniter\CodeIgniter->handleRequest(NULL, Object(Config\Cache), false)
#8 C:\xampp\htdocs\perpustakaan\public\index.php(37): CodeIgniter\CodeIgniter->run()
#9 C:\xampp\htdocs\perpustakaan\system\Commands\Server\rewrite.php(43): require_once('C:\\xampp\\htdocs...')
#10 {main}
CRITICAL - 2021-12-24 08:51:07 --> Attempt to read property "cover_buku" on array
#0 C:\xampp\htdocs\perpustakaan\app\Views\dashboard\Buku.php(34): CodeIgniter\Debug\Exceptions->errorHandler(2, 'Attempt to read...', 'C:\\xampp\\htdocs...', 34)
#1 C:\xampp\htdocs\perpustakaan\system\View\View.php(214): include('C:\\xampp\\htdocs...')
#2 C:\xampp\htdocs\perpustakaan\system\View\View.php(217): CodeIgniter\View\View->CodeIgniter\View\{closure}()
#3 C:\xampp\htdocs\perpustakaan\system\Common.php(1097): CodeIgniter\View\View->render('dashboard/buku', Array, true)
#4 C:\xampp\htdocs\perpustakaan\app\Controllers\Buku.php(15): view('dashboard/buku', Array)
#5 C:\xampp\htdocs\perpustakaan\system\CodeIgniter.php(824): App\Controllers\Buku->index()
#6 C:\xampp\htdocs\perpustakaan\system\CodeIgniter.php(410): CodeIgniter\CodeIgniter->runController(Object(App\Controllers\Buku))
#7 C:\xampp\htdocs\perpustakaan\system\CodeIgniter.php(318): CodeIgniter\CodeIgniter->handleRequest(NULL, Object(Config\Cache), false)
#8 C:\xampp\htdocs\perpustakaan\public\index.php(37): CodeIgniter\CodeIgniter->run()
#9 C:\xampp\htdocs\perpustakaan\system\Commands\Server\rewrite.php(43): require_once('C:\\xampp\\htdocs...')
#10 {main}
CRITICAL - 2021-12-24 08:51:13 --> Attempt to read property "cover_buku" on array
#0 C:\xampp\htdocs\perpustakaan\app\Views\dashboard\Buku.php(34): CodeIgniter\Debug\Exceptions->errorHandler(2, 'Attempt to read...', 'C:\\xampp\\htdocs...', 34)
#1 C:\xampp\htdocs\perpustakaan\system\View\View.php(214): include('C:\\xampp\\htdocs...')
#2 C:\xampp\htdocs\perpustakaan\system\View\View.php(217): CodeIgniter\View\View->CodeIgniter\View\{closure}()
#3 C:\xampp\htdocs\perpustakaan\system\Common.php(1097): CodeIgniter\View\View->render('dashboard/buku', Array, true)
#4 C:\xampp\htdocs\perpustakaan\app\Controllers\Buku.php(15): view('dashboard/buku', Array)
#5 C:\xampp\htdocs\perpustakaan\system\CodeIgniter.php(824): App\Controllers\Buku->index()
#6 C:\xampp\htdocs\perpustakaan\system\CodeIgniter.php(410): CodeIgniter\CodeIgniter->runController(Object(App\Controllers\Buku))
#7 C:\xampp\htdocs\perpustakaan\system\CodeIgniter.php(318): CodeIgniter\CodeIgniter->handleRequest(NULL, Object(Config\Cache), false)
#8 C:\xampp\htdocs\perpustakaan\public\index.php(37): CodeIgniter\CodeIgniter->run()
#9 C:\xampp\htdocs\perpustakaan\system\Commands\Server\rewrite.php(43): require_once('C:\\xampp\\htdocs...')
#10 {main}
