ERROR - 2021-12-19 20:52:23 --> Error connecting to the database: No connection could be made because the target machine actively refused it
CRITICAL - 2021-12-19 20:52:23 --> Unable to connect to the database.
Main connection [MySQLi]: No connection could be made because the target machine actively refused it
#0 C:\xampp\htdocs\perpustakaan\system\Database\BaseConnection.php(577): CodeIgniter\Database\BaseConnection->initialize()
#1 C:\xampp\htdocs\perpustakaan\system\Database\BaseBuilder.php(1443): CodeIgniter\Database\BaseConnection->query('SELECT *\nFROM `...', Array, false)
#2 C:\xampp\htdocs\perpustakaan\system\Model.php(210): CodeIgniter\Database\BaseBuilder->get()
#3 C:\xampp\htdocs\perpustakaan\system\BaseModel.php(622): CodeIgniter\Model->doFirst()
#4 C:\xampp\htdocs\perpustakaan\app\Controllers\Login.php(17): CodeIgniter\BaseModel->first()
#5 C:\xampp\htdocs\perpustakaan\system\CodeIgniter.php(824): App\Controllers\Login->process()
#6 C:\xampp\htdocs\perpustakaan\system\CodeIgniter.php(410): CodeIgniter\CodeIgniter->runController(Object(App\Controllers\Login))
#7 C:\xampp\htdocs\perpustakaan\system\CodeIgniter.php(318): CodeIgniter\CodeIgniter->handleRequest(NULL, Object(Config\Cache), false)
#8 C:\xampp\htdocs\perpustakaan\public\index.php(37): CodeIgniter\CodeIgniter->run()
#9 C:\xampp\htdocs\perpustakaan\system\Commands\Server\rewrite.php(43): require_once('C:\\xampp\\htdocs...')
#10 {main}
CRITICAL - 2021-12-19 21:13:57 --> Too few arguments to function App\Controllers\Mahasiswa::edit(), 0 passed in C:\xampp\htdocs\perpustakaan\system\CodeIgniter.php on line 824 and exactly 1 expected
#0 C:\xampp\htdocs\perpustakaan\system\CodeIgniter.php(824): App\Controllers\Mahasiswa->edit()
#1 C:\xampp\htdocs\perpustakaan\system\CodeIgniter.php(410): CodeIgniter\CodeIgniter->runController(Object(App\Controllers\Mahasiswa))
#2 C:\xampp\htdocs\perpustakaan\system\CodeIgniter.php(318): CodeIgniter\CodeIgniter->handleRequest(NULL, Object(Config\Cache), false)
#3 C:\xampp\htdocs\perpustakaan\public\index.php(37): CodeIgniter\CodeIgniter->run()
#4 C:\xampp\htdocs\perpustakaan\system\Commands\Server\rewrite.php(43): require_once('C:\\xampp\\htdocs...')
#5 {main}
CRITICAL - 2021-12-19 21:14:01 --> Too few arguments to function App\Controllers\Mahasiswa::edit(), 0 passed in C:\xampp\htdocs\perpustakaan\system\CodeIgniter.php on line 824 and exactly 1 expected
#0 C:\xampp\htdocs\perpustakaan\system\CodeIgniter.php(824): App\Controllers\Mahasiswa->edit()
#1 C:\xampp\htdocs\perpustakaan\system\CodeIgniter.php(410): CodeIgniter\CodeIgniter->runController(Object(App\Controllers\Mahasiswa))
#2 C:\xampp\htdocs\perpustakaan\system\CodeIgniter.php(318): CodeIgniter\CodeIgniter->handleRequest(NULL, Object(Config\Cache), false)
#3 C:\xampp\htdocs\perpustakaan\public\index.php(37): CodeIgniter\CodeIgniter->run()
#4 C:\xampp\htdocs\perpustakaan\system\Commands\Server\rewrite.php(43): require_once('C:\\xampp\\htdocs...')
#5 {main}
