CRITICAL - 2021-12-21 08:23:40 --> Undefined variable $pageTitle
#0 C:\xampp\htdocs\perpustakaan\app\Views\layout\dashboard-layout.php(113): CodeIgniter\Debug\Exceptions->errorHandler(2, 'Undefined varia...', 'C:\\xampp\\htdocs...', 113)
#1 C:\xampp\htdocs\perpustakaan\system\View\View.php(214): include('C:\\xampp\\htdocs...')
#2 C:\xampp\htdocs\perpustakaan\system\View\View.php(217): CodeIgniter\View\View->CodeIgniter\View\{closure}()
#3 C:\xampp\htdocs\perpustakaan\system\View\View.php(230): CodeIgniter\View\View->render('layout/dashboar...', Array, true)
#4 C:\xampp\htdocs\perpustakaan\system\Common.php(1097): CodeIgniter\View\View->render('dashboard/buku', Array, true)
#5 C:\xampp\htdocs\perpustakaan\app\Controllers\Buku.php(8): view('dashboard/buku')
#6 C:\xampp\htdocs\perpustakaan\system\CodeIgniter.php(824): App\Controllers\Buku->index()
#7 C:\xampp\htdocs\perpustakaan\system\CodeIgniter.php(410): CodeIgniter\CodeIgniter->runController(Object(App\Controllers\Buku))
#8 C:\xampp\htdocs\perpustakaan\system\CodeIgniter.php(318): CodeIgniter\CodeIgniter->handleRequest(NULL, Object(Config\Cache), false)
#9 C:\xampp\htdocs\perpustakaan\public\index.php(37): CodeIgniter\CodeIgniter->run()
#10 C:\xampp\htdocs\perpustakaan\system\Commands\Server\rewrite.php(43): require_once('C:\\xampp\\htdocs...')
#11 {main}
CRITICAL - 2021-12-21 08:26:31 --> Undefined variable $pageTitle
#0 C:\xampp\htdocs\perpustakaan\app\Views\layout\dashboard-layout.php(113): CodeIgniter\Debug\Exceptions->errorHandler(2, 'Undefined varia...', 'C:\\xampp\\htdocs...', 113)
#1 C:\xampp\htdocs\perpustakaan\system\View\View.php(214): include('C:\\xampp\\htdocs...')
#2 C:\xampp\htdocs\perpustakaan\system\View\View.php(217): CodeIgniter\View\View->CodeIgniter\View\{closure}()
#3 C:\xampp\htdocs\perpustakaan\system\View\View.php(230): CodeIgniter\View\View->render('layout/dashboar...', Array, true)
#4 C:\xampp\htdocs\perpustakaan\system\Common.php(1097): CodeIgniter\View\View->render('dashboard/buku', Array, true)
#5 C:\xampp\htdocs\perpustakaan\app\Controllers\Buku.php(8): view('dashboard/buku')
#6 C:\xampp\htdocs\perpustakaan\system\CodeIgniter.php(824): App\Controllers\Buku->index()
#7 C:\xampp\htdocs\perpustakaan\system\CodeIgniter.php(410): CodeIgniter\CodeIgniter->runController(Object(App\Controllers\Buku))
#8 C:\xampp\htdocs\perpustakaan\system\CodeIgniter.php(318): CodeIgniter\CodeIgniter->handleRequest(NULL, Object(Config\Cache), false)
#9 C:\xampp\htdocs\perpustakaan\public\index.php(37): CodeIgniter\CodeIgniter->run()
#10 C:\xampp\htdocs\perpustakaan\system\Commands\Server\rewrite.php(43): require_once('C:\\xampp\\htdocs...')
#11 {main}
CRITICAL - 2021-12-21 08:37:14 --> Invalid file: dashboard/profile.php
#0 C:\xampp\htdocs\perpustakaan\system\View\View.php(198): CodeIgniter\Exceptions\FrameworkException::forInvalidFile('dashboard/profi...')
#1 C:\xampp\htdocs\perpustakaan\system\Common.php(1097): CodeIgniter\View\View->render('dashboard/profi...', Array, true)
#2 C:\xampp\htdocs\perpustakaan\app\Controllers\UserController.php(14): view('dashboard/profi...', Array)
#3 C:\xampp\htdocs\perpustakaan\system\CodeIgniter.php(824): App\Controllers\UserController->profile()
#4 C:\xampp\htdocs\perpustakaan\system\CodeIgniter.php(410): CodeIgniter\CodeIgniter->runController(Object(App\Controllers\UserController))
#5 C:\xampp\htdocs\perpustakaan\system\CodeIgniter.php(318): CodeIgniter\CodeIgniter->handleRequest(NULL, Object(Config\Cache), false)
#6 C:\xampp\htdocs\perpustakaan\public\index.php(37): CodeIgniter\CodeIgniter->run()
#7 C:\xampp\htdocs\perpustakaan\system\Commands\Server\rewrite.php(43): require_once('C:\\xampp\\htdocs...')
#8 {main}
CRITICAL - 2021-12-21 08:37:18 --> Invalid file: dashboard/profile.php
#0 C:\xampp\htdocs\perpustakaan\system\View\View.php(198): CodeIgniter\Exceptions\FrameworkException::forInvalidFile('dashboard/profi...')
#1 C:\xampp\htdocs\perpustakaan\system\Common.php(1097): CodeIgniter\View\View->render('dashboard/profi...', Array, true)
#2 C:\xampp\htdocs\perpustakaan\app\Controllers\UserController.php(14): view('dashboard/profi...', Array)
#3 C:\xampp\htdocs\perpustakaan\system\CodeIgniter.php(824): App\Controllers\UserController->profile()
#4 C:\xampp\htdocs\perpustakaan\system\CodeIgniter.php(410): CodeIgniter\CodeIgniter->runController(Object(App\Controllers\UserController))
#5 C:\xampp\htdocs\perpustakaan\system\CodeIgniter.php(318): CodeIgniter\CodeIgniter->handleRequest(NULL, Object(Config\Cache), false)
#6 C:\xampp\htdocs\perpustakaan\public\index.php(37): CodeIgniter\CodeIgniter->run()
#7 C:\xampp\htdocs\perpustakaan\system\Commands\Server\rewrite.php(43): require_once('C:\\xampp\\htdocs...')
#8 {main}
CRITICAL - 2021-12-21 08:37:26 --> Invalid file: dashboard/profile.php
#0 C:\xampp\htdocs\perpustakaan\system\View\View.php(198): CodeIgniter\Exceptions\FrameworkException::forInvalidFile('dashboard/profi...')
#1 C:\xampp\htdocs\perpustakaan\system\Common.php(1097): CodeIgniter\View\View->render('dashboard/profi...', Array, true)
#2 C:\xampp\htdocs\perpustakaan\app\Controllers\UserController.php(14): view('dashboard/profi...', Array)
#3 C:\xampp\htdocs\perpustakaan\system\CodeIgniter.php(824): App\Controllers\UserController->profile()
#4 C:\xampp\htdocs\perpustakaan\system\CodeIgniter.php(410): CodeIgniter\CodeIgniter->runController(Object(App\Controllers\UserController))
#5 C:\xampp\htdocs\perpustakaan\system\CodeIgniter.php(318): CodeIgniter\CodeIgniter->handleRequest(NULL, Object(Config\Cache), false)
#6 C:\xampp\htdocs\perpustakaan\public\index.php(37): CodeIgniter\CodeIgniter->run()
#7 C:\xampp\htdocs\perpustakaan\system\Commands\Server\rewrite.php(43): require_once('C:\\xampp\\htdocs...')
#8 {main}
CRITICAL - 2021-12-21 08:38:00 --> Undefined variable $mahasiswa
#0 C:\xampp\htdocs\perpustakaan\app\Views\dashboard\profile.php(17): CodeIgniter\Debug\Exceptions->errorHandler(2, 'Undefined varia...', 'C:\\xampp\\htdocs...', 17)
#1 C:\xampp\htdocs\perpustakaan\system\View\View.php(214): include('C:\\xampp\\htdocs...')
#2 C:\xampp\htdocs\perpustakaan\system\View\View.php(217): CodeIgniter\View\View->CodeIgniter\View\{closure}()
#3 C:\xampp\htdocs\perpustakaan\system\Common.php(1097): CodeIgniter\View\View->render('dashboard/profi...', Array, true)
#4 C:\xampp\htdocs\perpustakaan\app\Controllers\UserController.php(14): view('dashboard/profi...', Array)
#5 C:\xampp\htdocs\perpustakaan\system\CodeIgniter.php(824): App\Controllers\UserController->profile()
#6 C:\xampp\htdocs\perpustakaan\system\CodeIgniter.php(410): CodeIgniter\CodeIgniter->runController(Object(App\Controllers\UserController))
#7 C:\xampp\htdocs\perpustakaan\system\CodeIgniter.php(318): CodeIgniter\CodeIgniter->handleRequest(NULL, Object(Config\Cache), false)
#8 C:\xampp\htdocs\perpustakaan\public\index.php(37): CodeIgniter\CodeIgniter->run()
#9 C:\xampp\htdocs\perpustakaan\system\Commands\Server\rewrite.php(43): require_once('C:\\xampp\\htdocs...')
#10 {main}
CRITICAL - 2021-12-21 08:38:01 --> Undefined variable $mahasiswa
#0 C:\xampp\htdocs\perpustakaan\app\Views\dashboard\profile.php(17): CodeIgniter\Debug\Exceptions->errorHandler(2, 'Undefined varia...', 'C:\\xampp\\htdocs...', 17)
#1 C:\xampp\htdocs\perpustakaan\system\View\View.php(214): include('C:\\xampp\\htdocs...')
#2 C:\xampp\htdocs\perpustakaan\system\View\View.php(217): CodeIgniter\View\View->CodeIgniter\View\{closure}()
#3 C:\xampp\htdocs\perpustakaan\system\Common.php(1097): CodeIgniter\View\View->render('dashboard/profi...', Array, true)
#4 C:\xampp\htdocs\perpustakaan\app\Controllers\UserController.php(14): view('dashboard/profi...', Array)
#5 C:\xampp\htdocs\perpustakaan\system\CodeIgniter.php(824): App\Controllers\UserController->profile()
#6 C:\xampp\htdocs\perpustakaan\system\CodeIgniter.php(410): CodeIgniter\CodeIgniter->runController(Object(App\Controllers\UserController))
#7 C:\xampp\htdocs\perpustakaan\system\CodeIgniter.php(318): CodeIgniter\CodeIgniter->handleRequest(NULL, Object(Config\Cache), false)
#8 C:\xampp\htdocs\perpustakaan\public\index.php(37): CodeIgniter\CodeIgniter->run()
#9 C:\xampp\htdocs\perpustakaan\system\Commands\Server\rewrite.php(43): require_once('C:\\xampp\\htdocs...')
#10 {main}
CRITICAL - 2021-12-21 08:42:55 --> Invalid file: dashboard/profile.php
#0 C:\xampp\htdocs\perpustakaan\system\View\View.php(198): CodeIgniter\Exceptions\FrameworkException::forInvalidFile('dashboard/profi...')
#1 C:\xampp\htdocs\perpustakaan\system\Common.php(1097): CodeIgniter\View\View->render('dashboard/profi...', Array, true)
#2 C:\xampp\htdocs\perpustakaan\app\Controllers\UserController.php(14): view('dashboard/profi...', Array)
#3 C:\xampp\htdocs\perpustakaan\system\CodeIgniter.php(824): App\Controllers\UserController->profile()
#4 C:\xampp\htdocs\perpustakaan\system\CodeIgniter.php(410): CodeIgniter\CodeIgniter->runController(Object(App\Controllers\UserController))
#5 C:\xampp\htdocs\perpustakaan\system\CodeIgniter.php(318): CodeIgniter\CodeIgniter->handleRequest(NULL, Object(Config\Cache), false)
#6 C:\xampp\htdocs\perpustakaan\public\index.php(37): CodeIgniter\CodeIgniter->run()
#7 C:\xampp\htdocs\perpustakaan\system\Commands\Server\rewrite.php(43): require_once('C:\\xampp\\htdocs...')
#8 {main}
CRITICAL - 2021-12-21 08:43:00 --> Invalid file: dashboard/profile.php
#0 C:\xampp\htdocs\perpustakaan\system\View\View.php(198): CodeIgniter\Exceptions\FrameworkException::forInvalidFile('dashboard/profi...')
#1 C:\xampp\htdocs\perpustakaan\system\Common.php(1097): CodeIgniter\View\View->render('dashboard/profi...', Array, true)
#2 C:\xampp\htdocs\perpustakaan\app\Controllers\UserController.php(14): view('dashboard/profi...', Array)
#3 C:\xampp\htdocs\perpustakaan\system\CodeIgniter.php(824): App\Controllers\UserController->profile()
#4 C:\xampp\htdocs\perpustakaan\system\CodeIgniter.php(410): CodeIgniter\CodeIgniter->runController(Object(App\Controllers\UserController))
#5 C:\xampp\htdocs\perpustakaan\system\CodeIgniter.php(318): CodeIgniter\CodeIgniter->handleRequest(NULL, Object(Config\Cache), false)
#6 C:\xampp\htdocs\perpustakaan\public\index.php(37): CodeIgniter\CodeIgniter->run()
#7 C:\xampp\htdocs\perpustakaan\system\Commands\Server\rewrite.php(43): require_once('C:\\xampp\\htdocs...')
#8 {main}
CRITICAL - 2021-12-21 08:43:14 --> Invalid file: dashboard/profile.php
#0 C:\xampp\htdocs\perpustakaan\system\View\View.php(198): CodeIgniter\Exceptions\FrameworkException::forInvalidFile('dashboard/profi...')
#1 C:\xampp\htdocs\perpustakaan\system\Common.php(1097): CodeIgniter\View\View->render('dashboard/profi...', Array, true)
#2 C:\xampp\htdocs\perpustakaan\app\Controllers\UserController.php(14): view('dashboard/profi...', Array)
#3 C:\xampp\htdocs\perpustakaan\system\CodeIgniter.php(824): App\Controllers\UserController->profile()
#4 C:\xampp\htdocs\perpustakaan\system\CodeIgniter.php(410): CodeIgniter\CodeIgniter->runController(Object(App\Controllers\UserController))
#5 C:\xampp\htdocs\perpustakaan\system\CodeIgniter.php(318): CodeIgniter\CodeIgniter->handleRequest(NULL, Object(Config\Cache), false)
#6 C:\xampp\htdocs\perpustakaan\public\index.php(37): CodeIgniter\CodeIgniter->run()
#7 C:\xampp\htdocs\perpustakaan\system\Commands\Server\rewrite.php(43): require_once('C:\\xampp\\htdocs...')
#8 {main}
CRITICAL - 2021-12-21 09:18:25 --> Invalid file: dashboard/home.php
#0 C:\xampp\htdocs\perpustakaan\system\View\View.php(198): CodeIgniter\Exceptions\FrameworkException::forInvalidFile('dashboard/home....')
#1 C:\xampp\htdocs\perpustakaan\system\Common.php(1097): CodeIgniter\View\View->render('dashboard/home', Array, true)
#2 C:\xampp\htdocs\perpustakaan\app\Controllers\UserController.php(9): view('dashboard/home', Array)
#3 C:\xampp\htdocs\perpustakaan\system\CodeIgniter.php(824): App\Controllers\UserController->index()
#4 C:\xampp\htdocs\perpustakaan\system\CodeIgniter.php(410): CodeIgniter\CodeIgniter->runController(Object(App\Controllers\UserController))
#5 C:\xampp\htdocs\perpustakaan\system\CodeIgniter.php(318): CodeIgniter\CodeIgniter->handleRequest(NULL, Object(Config\Cache), false)
#6 C:\xampp\htdocs\perpustakaan\public\index.php(37): CodeIgniter\CodeIgniter->run()
#7 C:\xampp\htdocs\perpustakaan\system\Commands\Server\rewrite.php(43): require_once('C:\\xampp\\htdocs...')
#8 {main}
