ERROR - 2021-12-23 20:46:45 --> MySQL server has gone away
CRITICAL - 2021-12-23 20:46:45 --> MySQL server has gone away
#0 C:\xampp\htdocs\perpustakaan\system\Database\MySQLi\Connection.php(292): mysqli->query('SELECT *\nFROM `...', 0)
#1 C:\xampp\htdocs\perpustakaan\system\Database\BaseConnection.php(670): CodeIgniter\Database\MySQLi\Connection->execute('SELECT *\nFROM `...')
#2 C:\xampp\htdocs\perpustakaan\system\Database\BaseConnection.php(598): CodeIgniter\Database\BaseConnection->simpleQuery('SELECT *\nFROM `...')
#3 C:\xampp\htdocs\perpustakaan\system\Database\BaseBuilder.php(1443): CodeIgniter\Database\BaseConnection->query('SELECT *\nFROM `...', Array, false)
#4 C:\xampp\htdocs\perpustakaan\system\Model.php(210): CodeIgniter\Database\BaseBuilder->get()
#5 C:\xampp\htdocs\perpustakaan\system\BaseModel.php(622): CodeIgniter\Model->doFirst()
#6 C:\xampp\htdocs\perpustakaan\app\Controllers\Login.php(17): CodeIgniter\BaseModel->first()
#7 C:\xampp\htdocs\perpustakaan\system\CodeIgniter.php(824): App\Controllers\Login->process()
#8 C:\xampp\htdocs\perpustakaan\system\CodeIgniter.php(410): CodeIgniter\CodeIgniter->runController(Object(App\Controllers\Login))
#9 C:\xampp\htdocs\perpustakaan\system\CodeIgniter.php(318): CodeIgniter\CodeIgniter->handleRequest(NULL, Object(Config\Cache), false)
#10 C:\xampp\htdocs\perpustakaan\public\index.php(37): CodeIgniter\CodeIgniter->run()
#11 C:\xampp\htdocs\perpustakaan\system\Commands\Server\rewrite.php(43): require_once('C:\\xampp\\htdocs...')
#12 {main}
CRITICAL - 2021-12-23 21:34:52 --> Class "App\Models\BukuModel" not found
#0 C:\xampp\htdocs\perpustakaan\system\CodeIgniter.php(801): App\Controllers\Buku->__construct()
#1 C:\xampp\htdocs\perpustakaan\system\CodeIgniter.php(401): CodeIgniter\CodeIgniter->createController()
#2 C:\xampp\htdocs\perpustakaan\system\CodeIgniter.php(318): CodeIgniter\CodeIgniter->handleRequest(NULL, Object(Config\Cache), false)
#3 C:\xampp\htdocs\perpustakaan\public\index.php(37): CodeIgniter\CodeIgniter->run()
#4 C:\xampp\htdocs\perpustakaan\system\Commands\Server\rewrite.php(43): require_once('C:\\xampp\\htdocs...')
#5 {main}
CRITICAL - 2021-12-23 21:35:41 --> Undefined property: stdClass::$cover_buku
#0 C:\xampp\htdocs\perpustakaan\app\Views\dashboard\buku.php(33): CodeIgniter\Debug\Exceptions->errorHandler(2, 'Undefined prope...', 'C:\\xampp\\htdocs...', 33)
#1 C:\xampp\htdocs\perpustakaan\system\View\View.php(214): include('C:\\xampp\\htdocs...')
#2 C:\xampp\htdocs\perpustakaan\system\View\View.php(217): CodeIgniter\View\View->CodeIgniter\View\{closure}()
#3 C:\xampp\htdocs\perpustakaan\system\Common.php(1097): CodeIgniter\View\View->render('dashboard/buku', Array, true)
#4 C:\xampp\htdocs\perpustakaan\app\Controllers\Buku.php(15): view('dashboard/buku', Array)
#5 C:\xampp\htdocs\perpustakaan\system\CodeIgniter.php(824): App\Controllers\Buku->index()
#6 C:\xampp\htdocs\perpustakaan\system\CodeIgniter.php(410): CodeIgniter\CodeIgniter->runController(Object(App\Controllers\Buku))
#7 C:\xampp\htdocs\perpustakaan\system\CodeIgniter.php(318): CodeIgniter\CodeIgniter->handleRequest(NULL, Object(Config\Cache), false)
#8 C:\xampp\htdocs\perpustakaan\public\index.php(37): CodeIgniter\CodeIgniter->run()
#9 C:\xampp\htdocs\perpustakaan\system\Commands\Server\rewrite.php(43): require_once('C:\\xampp\\htdocs...')
#10 {main}
CRITICAL - 2021-12-23 21:35:44 --> Undefined property: stdClass::$cover_buku
#0 C:\xampp\htdocs\perpustakaan\app\Views\dashboard\buku.php(33): CodeIgniter\Debug\Exceptions->errorHandler(2, 'Undefined prope...', 'C:\\xampp\\htdocs...', 33)
#1 C:\xampp\htdocs\perpustakaan\system\View\View.php(214): include('C:\\xampp\\htdocs...')
#2 C:\xampp\htdocs\perpustakaan\system\View\View.php(217): CodeIgniter\View\View->CodeIgniter\View\{closure}()
#3 C:\xampp\htdocs\perpustakaan\system\Common.php(1097): CodeIgniter\View\View->render('dashboard/buku', Array, true)
#4 C:\xampp\htdocs\perpustakaan\app\Controllers\Buku.php(15): view('dashboard/buku', Array)
#5 C:\xampp\htdocs\perpustakaan\system\CodeIgniter.php(824): App\Controllers\Buku->index()
#6 C:\xampp\htdocs\perpustakaan\system\CodeIgniter.php(410): CodeIgniter\CodeIgniter->runController(Object(App\Controllers\Buku))
#7 C:\xampp\htdocs\perpustakaan\system\CodeIgniter.php(318): CodeIgniter\CodeIgniter->handleRequest(NULL, Object(Config\Cache), false)
#8 C:\xampp\htdocs\perpustakaan\public\index.php(37): CodeIgniter\CodeIgniter->run()
#9 C:\xampp\htdocs\perpustakaan\system\Commands\Server\rewrite.php(43): require_once('C:\\xampp\\htdocs...')
#10 {main}
CRITICAL - 2021-12-23 21:35:44 --> Undefined property: stdClass::$cover_buku
#0 C:\xampp\htdocs\perpustakaan\app\Views\dashboard\buku.php(33): CodeIgniter\Debug\Exceptions->errorHandler(2, 'Undefined prope...', 'C:\\xampp\\htdocs...', 33)
#1 C:\xampp\htdocs\perpustakaan\system\View\View.php(214): include('C:\\xampp\\htdocs...')
#2 C:\xampp\htdocs\perpustakaan\system\View\View.php(217): CodeIgniter\View\View->CodeIgniter\View\{closure}()
#3 C:\xampp\htdocs\perpustakaan\system\Common.php(1097): CodeIgniter\View\View->render('dashboard/buku', Array, true)
#4 C:\xampp\htdocs\perpustakaan\app\Controllers\Buku.php(15): view('dashboard/buku', Array)
#5 C:\xampp\htdocs\perpustakaan\system\CodeIgniter.php(824): App\Controllers\Buku->index()
#6 C:\xampp\htdocs\perpustakaan\system\CodeIgniter.php(410): CodeIgniter\CodeIgniter->runController(Object(App\Controllers\Buku))
#7 C:\xampp\htdocs\perpustakaan\system\CodeIgniter.php(318): CodeIgniter\CodeIgniter->handleRequest(NULL, Object(Config\Cache), false)
#8 C:\xampp\htdocs\perpustakaan\public\index.php(37): CodeIgniter\CodeIgniter->run()
#9 C:\xampp\htdocs\perpustakaan\system\Commands\Server\rewrite.php(43): require_once('C:\\xampp\\htdocs...')
#10 {main}
CRITICAL - 2021-12-23 21:35:44 --> Undefined property: stdClass::$cover_buku
#0 C:\xampp\htdocs\perpustakaan\app\Views\dashboard\buku.php(33): CodeIgniter\Debug\Exceptions->errorHandler(2, 'Undefined prope...', 'C:\\xampp\\htdocs...', 33)
#1 C:\xampp\htdocs\perpustakaan\system\View\View.php(214): include('C:\\xampp\\htdocs...')
#2 C:\xampp\htdocs\perpustakaan\system\View\View.php(217): CodeIgniter\View\View->CodeIgniter\View\{closure}()
#3 C:\xampp\htdocs\perpustakaan\system\Common.php(1097): CodeIgniter\View\View->render('dashboard/buku', Array, true)
#4 C:\xampp\htdocs\perpustakaan\app\Controllers\Buku.php(15): view('dashboard/buku', Array)
#5 C:\xampp\htdocs\perpustakaan\system\CodeIgniter.php(824): App\Controllers\Buku->index()
#6 C:\xampp\htdocs\perpustakaan\system\CodeIgniter.php(410): CodeIgniter\CodeIgniter->runController(Object(App\Controllers\Buku))
#7 C:\xampp\htdocs\perpustakaan\system\CodeIgniter.php(318): CodeIgniter\CodeIgniter->handleRequest(NULL, Object(Config\Cache), false)
#8 C:\xampp\htdocs\perpustakaan\public\index.php(37): CodeIgniter\CodeIgniter->run()
#9 C:\xampp\htdocs\perpustakaan\system\Commands\Server\rewrite.php(43): require_once('C:\\xampp\\htdocs...')
#10 {main}
CRITICAL - 2021-12-23 21:35:45 --> Undefined property: stdClass::$cover_buku
#0 C:\xampp\htdocs\perpustakaan\app\Views\dashboard\buku.php(33): CodeIgniter\Debug\Exceptions->errorHandler(2, 'Undefined prope...', 'C:\\xampp\\htdocs...', 33)
#1 C:\xampp\htdocs\perpustakaan\system\View\View.php(214): include('C:\\xampp\\htdocs...')
#2 C:\xampp\htdocs\perpustakaan\system\View\View.php(217): CodeIgniter\View\View->CodeIgniter\View\{closure}()
#3 C:\xampp\htdocs\perpustakaan\system\Common.php(1097): CodeIgniter\View\View->render('dashboard/buku', Array, true)
#4 C:\xampp\htdocs\perpustakaan\app\Controllers\Buku.php(15): view('dashboard/buku', Array)
#5 C:\xampp\htdocs\perpustakaan\system\CodeIgniter.php(824): App\Controllers\Buku->index()
#6 C:\xampp\htdocs\perpustakaan\system\CodeIgniter.php(410): CodeIgniter\CodeIgniter->runController(Object(App\Controllers\Buku))
#7 C:\xampp\htdocs\perpustakaan\system\CodeIgniter.php(318): CodeIgniter\CodeIgniter->handleRequest(NULL, Object(Config\Cache), false)
#8 C:\xampp\htdocs\perpustakaan\public\index.php(37): CodeIgniter\CodeIgniter->run()
#9 C:\xampp\htdocs\perpustakaan\system\Commands\Server\rewrite.php(43): require_once('C:\\xampp\\htdocs...')
#10 {main}
CRITICAL - 2021-12-23 21:35:46 --> Undefined property: stdClass::$cover_buku
#0 C:\xampp\htdocs\perpustakaan\app\Views\dashboard\buku.php(33): CodeIgniter\Debug\Exceptions->errorHandler(2, 'Undefined prope...', 'C:\\xampp\\htdocs...', 33)
#1 C:\xampp\htdocs\perpustakaan\system\View\View.php(214): include('C:\\xampp\\htdocs...')
#2 C:\xampp\htdocs\perpustakaan\system\View\View.php(217): CodeIgniter\View\View->CodeIgniter\View\{closure}()
#3 C:\xampp\htdocs\perpustakaan\system\Common.php(1097): CodeIgniter\View\View->render('dashboard/buku', Array, true)
#4 C:\xampp\htdocs\perpustakaan\app\Controllers\Buku.php(15): view('dashboard/buku', Array)
#5 C:\xampp\htdocs\perpustakaan\system\CodeIgniter.php(824): App\Controllers\Buku->index()
#6 C:\xampp\htdocs\perpustakaan\system\CodeIgniter.php(410): CodeIgniter\CodeIgniter->runController(Object(App\Controllers\Buku))
#7 C:\xampp\htdocs\perpustakaan\system\CodeIgniter.php(318): CodeIgniter\CodeIgniter->handleRequest(NULL, Object(Config\Cache), false)
#8 C:\xampp\htdocs\perpustakaan\public\index.php(37): CodeIgniter\CodeIgniter->run()
#9 C:\xampp\htdocs\perpustakaan\system\Commands\Server\rewrite.php(43): require_once('C:\\xampp\\htdocs...')
#10 {main}
CRITICAL - 2021-12-23 21:35:46 --> Undefined property: stdClass::$cover_buku
#0 C:\xampp\htdocs\perpustakaan\app\Views\dashboard\buku.php(33): CodeIgniter\Debug\Exceptions->errorHandler(2, 'Undefined prope...', 'C:\\xampp\\htdocs...', 33)
#1 C:\xampp\htdocs\perpustakaan\system\View\View.php(214): include('C:\\xampp\\htdocs...')
#2 C:\xampp\htdocs\perpustakaan\system\View\View.php(217): CodeIgniter\View\View->CodeIgniter\View\{closure}()
#3 C:\xampp\htdocs\perpustakaan\system\Common.php(1097): CodeIgniter\View\View->render('dashboard/buku', Array, true)
#4 C:\xampp\htdocs\perpustakaan\app\Controllers\Buku.php(15): view('dashboard/buku', Array)
#5 C:\xampp\htdocs\perpustakaan\system\CodeIgniter.php(824): App\Controllers\Buku->index()
#6 C:\xampp\htdocs\perpustakaan\system\CodeIgniter.php(410): CodeIgniter\CodeIgniter->runController(Object(App\Controllers\Buku))
#7 C:\xampp\htdocs\perpustakaan\system\CodeIgniter.php(318): CodeIgniter\CodeIgniter->handleRequest(NULL, Object(Config\Cache), false)
#8 C:\xampp\htdocs\perpustakaan\public\index.php(37): CodeIgniter\CodeIgniter->run()
#9 C:\xampp\htdocs\perpustakaan\system\Commands\Server\rewrite.php(43): require_once('C:\\xampp\\htdocs...')
#10 {main}
CRITICAL - 2021-12-23 21:35:46 --> Undefined property: stdClass::$cover_buku
#0 C:\xampp\htdocs\perpustakaan\app\Views\dashboard\buku.php(33): CodeIgniter\Debug\Exceptions->errorHandler(2, 'Undefined prope...', 'C:\\xampp\\htdocs...', 33)
#1 C:\xampp\htdocs\perpustakaan\system\View\View.php(214): include('C:\\xampp\\htdocs...')
#2 C:\xampp\htdocs\perpustakaan\system\View\View.php(217): CodeIgniter\View\View->CodeIgniter\View\{closure}()
#3 C:\xampp\htdocs\perpustakaan\system\Common.php(1097): CodeIgniter\View\View->render('dashboard/buku', Array, true)
#4 C:\xampp\htdocs\perpustakaan\app\Controllers\Buku.php(15): view('dashboard/buku', Array)
#5 C:\xampp\htdocs\perpustakaan\system\CodeIgniter.php(824): App\Controllers\Buku->index()
#6 C:\xampp\htdocs\perpustakaan\system\CodeIgniter.php(410): CodeIgniter\CodeIgniter->runController(Object(App\Controllers\Buku))
#7 C:\xampp\htdocs\perpustakaan\system\CodeIgniter.php(318): CodeIgniter\CodeIgniter->handleRequest(NULL, Object(Config\Cache), false)
#8 C:\xampp\htdocs\perpustakaan\public\index.php(37): CodeIgniter\CodeIgniter->run()
#9 C:\xampp\htdocs\perpustakaan\system\Commands\Server\rewrite.php(43): require_once('C:\\xampp\\htdocs...')
#10 {main}
CRITICAL - 2021-12-23 21:35:46 --> Undefined property: stdClass::$cover_buku
#0 C:\xampp\htdocs\perpustakaan\app\Views\dashboard\buku.php(33): CodeIgniter\Debug\Exceptions->errorHandler(2, 'Undefined prope...', 'C:\\xampp\\htdocs...', 33)
#1 C:\xampp\htdocs\perpustakaan\system\View\View.php(214): include('C:\\xampp\\htdocs...')
#2 C:\xampp\htdocs\perpustakaan\system\View\View.php(217): CodeIgniter\View\View->CodeIgniter\View\{closure}()
#3 C:\xampp\htdocs\perpustakaan\system\Common.php(1097): CodeIgniter\View\View->render('dashboard/buku', Array, true)
#4 C:\xampp\htdocs\perpustakaan\app\Controllers\Buku.php(15): view('dashboard/buku', Array)
#5 C:\xampp\htdocs\perpustakaan\system\CodeIgniter.php(824): App\Controllers\Buku->index()
#6 C:\xampp\htdocs\perpustakaan\system\CodeIgniter.php(410): CodeIgniter\CodeIgniter->runController(Object(App\Controllers\Buku))
#7 C:\xampp\htdocs\perpustakaan\system\CodeIgniter.php(318): CodeIgniter\CodeIgniter->handleRequest(NULL, Object(Config\Cache), false)
#8 C:\xampp\htdocs\perpustakaan\public\index.php(37): CodeIgniter\CodeIgniter->run()
#9 C:\xampp\htdocs\perpustakaan\system\Commands\Server\rewrite.php(43): require_once('C:\\xampp\\htdocs...')
#10 {main}
CRITICAL - 2021-12-23 21:35:47 --> Undefined property: stdClass::$cover_buku
#0 C:\xampp\htdocs\perpustakaan\app\Views\dashboard\buku.php(33): CodeIgniter\Debug\Exceptions->errorHandler(2, 'Undefined prope...', 'C:\\xampp\\htdocs...', 33)
#1 C:\xampp\htdocs\perpustakaan\system\View\View.php(214): include('C:\\xampp\\htdocs...')
#2 C:\xampp\htdocs\perpustakaan\system\View\View.php(217): CodeIgniter\View\View->CodeIgniter\View\{closure}()
#3 C:\xampp\htdocs\perpustakaan\system\Common.php(1097): CodeIgniter\View\View->render('dashboard/buku', Array, true)
#4 C:\xampp\htdocs\perpustakaan\app\Controllers\Buku.php(15): view('dashboard/buku', Array)
#5 C:\xampp\htdocs\perpustakaan\system\CodeIgniter.php(824): App\Controllers\Buku->index()
#6 C:\xampp\htdocs\perpustakaan\system\CodeIgniter.php(410): CodeIgniter\CodeIgniter->runController(Object(App\Controllers\Buku))
#7 C:\xampp\htdocs\perpustakaan\system\CodeIgniter.php(318): CodeIgniter\CodeIgniter->handleRequest(NULL, Object(Config\Cache), false)
#8 C:\xampp\htdocs\perpustakaan\public\index.php(37): CodeIgniter\CodeIgniter->run()
#9 C:\xampp\htdocs\perpustakaan\system\Commands\Server\rewrite.php(43): require_once('C:\\xampp\\htdocs...')
#10 {main}
CRITICAL - 2021-12-23 21:35:47 --> Undefined property: stdClass::$cover_buku
#0 C:\xampp\htdocs\perpustakaan\app\Views\dashboard\buku.php(33): CodeIgniter\Debug\Exceptions->errorHandler(2, 'Undefined prope...', 'C:\\xampp\\htdocs...', 33)
#1 C:\xampp\htdocs\perpustakaan\system\View\View.php(214): include('C:\\xampp\\htdocs...')
#2 C:\xampp\htdocs\perpustakaan\system\View\View.php(217): CodeIgniter\View\View->CodeIgniter\View\{closure}()
#3 C:\xampp\htdocs\perpustakaan\system\Common.php(1097): CodeIgniter\View\View->render('dashboard/buku', Array, true)
#4 C:\xampp\htdocs\perpustakaan\app\Controllers\Buku.php(15): view('dashboard/buku', Array)
#5 C:\xampp\htdocs\perpustakaan\system\CodeIgniter.php(824): App\Controllers\Buku->index()
#6 C:\xampp\htdocs\perpustakaan\system\CodeIgniter.php(410): CodeIgniter\CodeIgniter->runController(Object(App\Controllers\Buku))
#7 C:\xampp\htdocs\perpustakaan\system\CodeIgniter.php(318): CodeIgniter\CodeIgniter->handleRequest(NULL, Object(Config\Cache), false)
#8 C:\xampp\htdocs\perpustakaan\public\index.php(37): CodeIgniter\CodeIgniter->run()
#9 C:\xampp\htdocs\perpustakaan\system\Commands\Server\rewrite.php(43): require_once('C:\\xampp\\htdocs...')
#10 {main}
CRITICAL - 2021-12-23 21:35:47 --> Undefined property: stdClass::$cover_buku
#0 C:\xampp\htdocs\perpustakaan\app\Views\dashboard\buku.php(33): CodeIgniter\Debug\Exceptions->errorHandler(2, 'Undefined prope...', 'C:\\xampp\\htdocs...', 33)
#1 C:\xampp\htdocs\perpustakaan\system\View\View.php(214): include('C:\\xampp\\htdocs...')
#2 C:\xampp\htdocs\perpustakaan\system\View\View.php(217): CodeIgniter\View\View->CodeIgniter\View\{closure}()
#3 C:\xampp\htdocs\perpustakaan\system\Common.php(1097): CodeIgniter\View\View->render('dashboard/buku', Array, true)
#4 C:\xampp\htdocs\perpustakaan\app\Controllers\Buku.php(15): view('dashboard/buku', Array)
#5 C:\xampp\htdocs\perpustakaan\system\CodeIgniter.php(824): App\Controllers\Buku->index()
#6 C:\xampp\htdocs\perpustakaan\system\CodeIgniter.php(410): CodeIgniter\CodeIgniter->runController(Object(App\Controllers\Buku))
#7 C:\xampp\htdocs\perpustakaan\system\CodeIgniter.php(318): CodeIgniter\CodeIgniter->handleRequest(NULL, Object(Config\Cache), false)
#8 C:\xampp\htdocs\perpustakaan\public\index.php(37): CodeIgniter\CodeIgniter->run()
#9 C:\xampp\htdocs\perpustakaan\system\Commands\Server\rewrite.php(43): require_once('C:\\xampp\\htdocs...')
#10 {main}
CRITICAL - 2021-12-23 21:35:47 --> Undefined property: stdClass::$cover_buku
#0 C:\xampp\htdocs\perpustakaan\app\Views\dashboard\buku.php(33): CodeIgniter\Debug\Exceptions->errorHandler(2, 'Undefined prope...', 'C:\\xampp\\htdocs...', 33)
#1 C:\xampp\htdocs\perpustakaan\system\View\View.php(214): include('C:\\xampp\\htdocs...')
#2 C:\xampp\htdocs\perpustakaan\system\View\View.php(217): CodeIgniter\View\View->CodeIgniter\View\{closure}()
#3 C:\xampp\htdocs\perpustakaan\system\Common.php(1097): CodeIgniter\View\View->render('dashboard/buku', Array, true)
#4 C:\xampp\htdocs\perpustakaan\app\Controllers\Buku.php(15): view('dashboard/buku', Array)
#5 C:\xampp\htdocs\perpustakaan\system\CodeIgniter.php(824): App\Controllers\Buku->index()
#6 C:\xampp\htdocs\perpustakaan\system\CodeIgniter.php(410): CodeIgniter\CodeIgniter->runController(Object(App\Controllers\Buku))
#7 C:\xampp\htdocs\perpustakaan\system\CodeIgniter.php(318): CodeIgniter\CodeIgniter->handleRequest(NULL, Object(Config\Cache), false)
#8 C:\xampp\htdocs\perpustakaan\public\index.php(37): CodeIgniter\CodeIgniter->run()
#9 C:\xampp\htdocs\perpustakaan\system\Commands\Server\rewrite.php(43): require_once('C:\\xampp\\htdocs...')
#10 {main}
CRITICAL - 2021-12-23 21:35:48 --> Undefined property: stdClass::$cover_buku
#0 C:\xampp\htdocs\perpustakaan\app\Views\dashboard\buku.php(33): CodeIgniter\Debug\Exceptions->errorHandler(2, 'Undefined prope...', 'C:\\xampp\\htdocs...', 33)
#1 C:\xampp\htdocs\perpustakaan\system\View\View.php(214): include('C:\\xampp\\htdocs...')
#2 C:\xampp\htdocs\perpustakaan\system\View\View.php(217): CodeIgniter\View\View->CodeIgniter\View\{closure}()
#3 C:\xampp\htdocs\perpustakaan\system\Common.php(1097): CodeIgniter\View\View->render('dashboard/buku', Array, true)
#4 C:\xampp\htdocs\perpustakaan\app\Controllers\Buku.php(15): view('dashboard/buku', Array)
#5 C:\xampp\htdocs\perpustakaan\system\CodeIgniter.php(824): App\Controllers\Buku->index()
#6 C:\xampp\htdocs\perpustakaan\system\CodeIgniter.php(410): CodeIgniter\CodeIgniter->runController(Object(App\Controllers\Buku))
#7 C:\xampp\htdocs\perpustakaan\system\CodeIgniter.php(318): CodeIgniter\CodeIgniter->handleRequest(NULL, Object(Config\Cache), false)
#8 C:\xampp\htdocs\perpustakaan\public\index.php(37): CodeIgniter\CodeIgniter->run()
#9 C:\xampp\htdocs\perpustakaan\system\Commands\Server\rewrite.php(43): require_once('C:\\xampp\\htdocs...')
#10 {main}
CRITICAL - 2021-12-23 23:16:28 --> Undefined variable $dataMahasiswa
#0 C:\xampp\htdocs\perpustakaan\app\Controllers\Buku.php(71): CodeIgniter\Debug\Exceptions->errorHandler(2, 'Undefined varia...', 'C:\\xampp\\htdocs...', 71)
#1 C:\xampp\htdocs\perpustakaan\system\CodeIgniter.php(824): App\Controllers\Buku->edit('1')
#2 C:\xampp\htdocs\perpustakaan\system\CodeIgniter.php(410): CodeIgniter\CodeIgniter->runController(Object(App\Controllers\Buku))
#3 C:\xampp\htdocs\perpustakaan\system\CodeIgniter.php(318): CodeIgniter\CodeIgniter->handleRequest(NULL, Object(Config\Cache), false)
#4 C:\xampp\htdocs\perpustakaan\public\index.php(37): CodeIgniter\CodeIgniter->run()
#5 C:\xampp\htdocs\perpustakaan\system\Commands\Server\rewrite.php(43): require_once('C:\\xampp\\htdocs...')
#6 {main}
CRITICAL - 2021-12-23 23:16:52 --> Undefined variable $buku
#0 C:\xampp\htdocs\perpustakaan\app\Views\dashboard\buku_edit.php(22): CodeIgniter\Debug\Exceptions->errorHandler(2, 'Undefined varia...', 'C:\\xampp\\htdocs...', 22)
#1 C:\xampp\htdocs\perpustakaan\system\View\View.php(214): include('C:\\xampp\\htdocs...')
#2 C:\xampp\htdocs\perpustakaan\system\View\View.php(217): CodeIgniter\View\View->CodeIgniter\View\{closure}()
#3 C:\xampp\htdocs\perpustakaan\system\Common.php(1097): CodeIgniter\View\View->render('dashboard/buku_...', Array, true)
#4 C:\xampp\htdocs\perpustakaan\app\Controllers\Buku.php(72): view('dashboard/buku_...', Array)
#5 C:\xampp\htdocs\perpustakaan\system\CodeIgniter.php(824): App\Controllers\Buku->edit('1')
#6 C:\xampp\htdocs\perpustakaan\system\CodeIgniter.php(410): CodeIgniter\CodeIgniter->runController(Object(App\Controllers\Buku))
#7 C:\xampp\htdocs\perpustakaan\system\CodeIgniter.php(318): CodeIgniter\CodeIgniter->handleRequest(NULL, Object(Config\Cache), false)
#8 C:\xampp\htdocs\perpustakaan\public\index.php(37): CodeIgniter\CodeIgniter->run()
#9 C:\xampp\htdocs\perpustakaan\system\Commands\Server\rewrite.php(43): require_once('C:\\xampp\\htdocs...')
#10 {main}
CRITICAL - 2021-12-23 23:16:54 --> Undefined variable $buku
#0 C:\xampp\htdocs\perpustakaan\app\Views\dashboard\buku_edit.php(22): CodeIgniter\Debug\Exceptions->errorHandler(2, 'Undefined varia...', 'C:\\xampp\\htdocs...', 22)
#1 C:\xampp\htdocs\perpustakaan\system\View\View.php(214): include('C:\\xampp\\htdocs...')
#2 C:\xampp\htdocs\perpustakaan\system\View\View.php(217): CodeIgniter\View\View->CodeIgniter\View\{closure}()
#3 C:\xampp\htdocs\perpustakaan\system\Common.php(1097): CodeIgniter\View\View->render('dashboard/buku_...', Array, true)
#4 C:\xampp\htdocs\perpustakaan\app\Controllers\Buku.php(72): view('dashboard/buku_...', Array)
#5 C:\xampp\htdocs\perpustakaan\system\CodeIgniter.php(824): App\Controllers\Buku->edit('1')
#6 C:\xampp\htdocs\perpustakaan\system\CodeIgniter.php(410): CodeIgniter\CodeIgniter->runController(Object(App\Controllers\Buku))
#7 C:\xampp\htdocs\perpustakaan\system\CodeIgniter.php(318): CodeIgniter\CodeIgniter->handleRequest(NULL, Object(Config\Cache), false)
#8 C:\xampp\htdocs\perpustakaan\public\index.php(37): CodeIgniter\CodeIgniter->run()
#9 C:\xampp\htdocs\perpustakaan\system\Commands\Server\rewrite.php(43): require_once('C:\\xampp\\htdocs...')
#10 {main}
CRITICAL - 2021-12-23 23:16:55 --> Undefined variable $buku
#0 C:\xampp\htdocs\perpustakaan\app\Views\dashboard\buku_edit.php(22): CodeIgniter\Debug\Exceptions->errorHandler(2, 'Undefined varia...', 'C:\\xampp\\htdocs...', 22)
#1 C:\xampp\htdocs\perpustakaan\system\View\View.php(214): include('C:\\xampp\\htdocs...')
#2 C:\xampp\htdocs\perpustakaan\system\View\View.php(217): CodeIgniter\View\View->CodeIgniter\View\{closure}()
#3 C:\xampp\htdocs\perpustakaan\system\Common.php(1097): CodeIgniter\View\View->render('dashboard/buku_...', Array, true)
#4 C:\xampp\htdocs\perpustakaan\app\Controllers\Buku.php(72): view('dashboard/buku_...', Array)
#5 C:\xampp\htdocs\perpustakaan\system\CodeIgniter.php(824): App\Controllers\Buku->edit('1')
#6 C:\xampp\htdocs\perpustakaan\system\CodeIgniter.php(410): CodeIgniter\CodeIgniter->runController(Object(App\Controllers\Buku))
#7 C:\xampp\htdocs\perpustakaan\system\CodeIgniter.php(318): CodeIgniter\CodeIgniter->handleRequest(NULL, Object(Config\Cache), false)
#8 C:\xampp\htdocs\perpustakaan\public\index.php(37): CodeIgniter\CodeIgniter->run()
#9 C:\xampp\htdocs\perpustakaan\system\Commands\Server\rewrite.php(43): require_once('C:\\xampp\\htdocs...')
#10 {main}
CRITICAL - 2021-12-23 23:17:00 --> Undefined variable $buku
#0 C:\xampp\htdocs\perpustakaan\app\Views\dashboard\buku_edit.php(22): CodeIgniter\Debug\Exceptions->errorHandler(2, 'Undefined varia...', 'C:\\xampp\\htdocs...', 22)
#1 C:\xampp\htdocs\perpustakaan\system\View\View.php(214): include('C:\\xampp\\htdocs...')
#2 C:\xampp\htdocs\perpustakaan\system\View\View.php(217): CodeIgniter\View\View->CodeIgniter\View\{closure}()
#3 C:\xampp\htdocs\perpustakaan\system\Common.php(1097): CodeIgniter\View\View->render('dashboard/buku_...', Array, true)
#4 C:\xampp\htdocs\perpustakaan\app\Controllers\Buku.php(72): view('dashboard/buku_...', Array)
#5 C:\xampp\htdocs\perpustakaan\system\CodeIgniter.php(824): App\Controllers\Buku->edit('1')
#6 C:\xampp\htdocs\perpustakaan\system\CodeIgniter.php(410): CodeIgniter\CodeIgniter->runController(Object(App\Controllers\Buku))
#7 C:\xampp\htdocs\perpustakaan\system\CodeIgniter.php(318): CodeIgniter\CodeIgniter->handleRequest(NULL, Object(Config\Cache), false)
#8 C:\xampp\htdocs\perpustakaan\public\index.php(37): CodeIgniter\CodeIgniter->run()
#9 C:\xampp\htdocs\perpustakaan\system\Commands\Server\rewrite.php(43): require_once('C:\\xampp\\htdocs...')
#10 {main}
CRITICAL - 2021-12-23 23:17:00 --> Undefined variable $buku
#0 C:\xampp\htdocs\perpustakaan\app\Views\dashboard\buku_edit.php(22): CodeIgniter\Debug\Exceptions->errorHandler(2, 'Undefined varia...', 'C:\\xampp\\htdocs...', 22)
#1 C:\xampp\htdocs\perpustakaan\system\View\View.php(214): include('C:\\xampp\\htdocs...')
#2 C:\xampp\htdocs\perpustakaan\system\View\View.php(217): CodeIgniter\View\View->CodeIgniter\View\{closure}()
#3 C:\xampp\htdocs\perpustakaan\system\Common.php(1097): CodeIgniter\View\View->render('dashboard/buku_...', Array, true)
#4 C:\xampp\htdocs\perpustakaan\app\Controllers\Buku.php(72): view('dashboard/buku_...', Array)
#5 C:\xampp\htdocs\perpustakaan\system\CodeIgniter.php(824): App\Controllers\Buku->edit('1')
#6 C:\xampp\htdocs\perpustakaan\system\CodeIgniter.php(410): CodeIgniter\CodeIgniter->runController(Object(App\Controllers\Buku))
#7 C:\xampp\htdocs\perpustakaan\system\CodeIgniter.php(318): CodeIgniter\CodeIgniter->handleRequest(NULL, Object(Config\Cache), false)
#8 C:\xampp\htdocs\perpustakaan\public\index.php(37): CodeIgniter\CodeIgniter->run()
#9 C:\xampp\htdocs\perpustakaan\system\Commands\Server\rewrite.php(43): require_once('C:\\xampp\\htdocs...')
#10 {main}
CRITICAL - 2021-12-23 23:17:01 --> Undefined variable $buku
#0 C:\xampp\htdocs\perpustakaan\app\Views\dashboard\buku_edit.php(22): CodeIgniter\Debug\Exceptions->errorHandler(2, 'Undefined varia...', 'C:\\xampp\\htdocs...', 22)
#1 C:\xampp\htdocs\perpustakaan\system\View\View.php(214): include('C:\\xampp\\htdocs...')
#2 C:\xampp\htdocs\perpustakaan\system\View\View.php(217): CodeIgniter\View\View->CodeIgniter\View\{closure}()
#3 C:\xampp\htdocs\perpustakaan\system\Common.php(1097): CodeIgniter\View\View->render('dashboard/buku_...', Array, true)
#4 C:\xampp\htdocs\perpustakaan\app\Controllers\Buku.php(72): view('dashboard/buku_...', Array)
#5 C:\xampp\htdocs\perpustakaan\system\CodeIgniter.php(824): App\Controllers\Buku->edit('1')
#6 C:\xampp\htdocs\perpustakaan\system\CodeIgniter.php(410): CodeIgniter\CodeIgniter->runController(Object(App\Controllers\Buku))
#7 C:\xampp\htdocs\perpustakaan\system\CodeIgniter.php(318): CodeIgniter\CodeIgniter->handleRequest(NULL, Object(Config\Cache), false)
#8 C:\xampp\htdocs\perpustakaan\public\index.php(37): CodeIgniter\CodeIgniter->run()
#9 C:\xampp\htdocs\perpustakaan\system\Commands\Server\rewrite.php(43): require_once('C:\\xampp\\htdocs...')
#10 {main}
CRITICAL - 2021-12-23 23:17:02 --> Undefined variable $buku
#0 C:\xampp\htdocs\perpustakaan\app\Views\dashboard\buku_edit.php(22): CodeIgniter\Debug\Exceptions->errorHandler(2, 'Undefined varia...', 'C:\\xampp\\htdocs...', 22)
#1 C:\xampp\htdocs\perpustakaan\system\View\View.php(214): include('C:\\xampp\\htdocs...')
#2 C:\xampp\htdocs\perpustakaan\system\View\View.php(217): CodeIgniter\View\View->CodeIgniter\View\{closure}()
#3 C:\xampp\htdocs\perpustakaan\system\Common.php(1097): CodeIgniter\View\View->render('dashboard/buku_...', Array, true)
#4 C:\xampp\htdocs\perpustakaan\app\Controllers\Buku.php(72): view('dashboard/buku_...', Array)
#5 C:\xampp\htdocs\perpustakaan\system\CodeIgniter.php(824): App\Controllers\Buku->edit('1')
#6 C:\xampp\htdocs\perpustakaan\system\CodeIgniter.php(410): CodeIgniter\CodeIgniter->runController(Object(App\Controllers\Buku))
#7 C:\xampp\htdocs\perpustakaan\system\CodeIgniter.php(318): CodeIgniter\CodeIgniter->handleRequest(NULL, Object(Config\Cache), false)
#8 C:\xampp\htdocs\perpustakaan\public\index.php(37): CodeIgniter\CodeIgniter->run()
#9 C:\xampp\htdocs\perpustakaan\system\Commands\Server\rewrite.php(43): require_once('C:\\xampp\\htdocs...')
#10 {main}
CRITICAL - 2021-12-23 23:18:16 --> Undefined variable $buku
#0 C:\xampp\htdocs\perpustakaan\app\Views\dashboard\buku_edit.php(22): CodeIgniter\Debug\Exceptions->errorHandler(2, 'Undefined varia...', 'C:\\xampp\\htdocs...', 22)
#1 C:\xampp\htdocs\perpustakaan\system\View\View.php(214): include('C:\\xampp\\htdocs...')
#2 C:\xampp\htdocs\perpustakaan\system\View\View.php(217): CodeIgniter\View\View->CodeIgniter\View\{closure}()
#3 C:\xampp\htdocs\perpustakaan\system\Common.php(1097): CodeIgniter\View\View->render('dashboard/buku_...', Array, true)
#4 C:\xampp\htdocs\perpustakaan\app\Controllers\Buku.php(72): view('dashboard/buku_...', Array)
#5 C:\xampp\htdocs\perpustakaan\system\CodeIgniter.php(824): App\Controllers\Buku->edit('1')
#6 C:\xampp\htdocs\perpustakaan\system\CodeIgniter.php(410): CodeIgniter\CodeIgniter->runController(Object(App\Controllers\Buku))
#7 C:\xampp\htdocs\perpustakaan\system\CodeIgniter.php(318): CodeIgniter\CodeIgniter->handleRequest(NULL, Object(Config\Cache), false)
#8 C:\xampp\htdocs\perpustakaan\public\index.php(37): CodeIgniter\CodeIgniter->run()
#9 C:\xampp\htdocs\perpustakaan\system\Commands\Server\rewrite.php(43): require_once('C:\\xampp\\htdocs...')
#10 {main}
CRITICAL - 2021-12-23 23:18:17 --> Undefined variable $buku
#0 C:\xampp\htdocs\perpustakaan\app\Views\dashboard\buku_edit.php(22): CodeIgniter\Debug\Exceptions->errorHandler(2, 'Undefined varia...', 'C:\\xampp\\htdocs...', 22)
#1 C:\xampp\htdocs\perpustakaan\system\View\View.php(214): include('C:\\xampp\\htdocs...')
#2 C:\xampp\htdocs\perpustakaan\system\View\View.php(217): CodeIgniter\View\View->CodeIgniter\View\{closure}()
#3 C:\xampp\htdocs\perpustakaan\system\Common.php(1097): CodeIgniter\View\View->render('dashboard/buku_...', Array, true)
#4 C:\xampp\htdocs\perpustakaan\app\Controllers\Buku.php(72): view('dashboard/buku_...', Array)
#5 C:\xampp\htdocs\perpustakaan\system\CodeIgniter.php(824): App\Controllers\Buku->edit('1')
#6 C:\xampp\htdocs\perpustakaan\system\CodeIgniter.php(410): CodeIgniter\CodeIgniter->runController(Object(App\Controllers\Buku))
#7 C:\xampp\htdocs\perpustakaan\system\CodeIgniter.php(318): CodeIgniter\CodeIgniter->handleRequest(NULL, Object(Config\Cache), false)
#8 C:\xampp\htdocs\perpustakaan\public\index.php(37): CodeIgniter\CodeIgniter->run()
#9 C:\xampp\htdocs\perpustakaan\system\Commands\Server\rewrite.php(43): require_once('C:\\xampp\\htdocs...')
#10 {main}
CRITICAL - 2021-12-23 23:18:17 --> Undefined variable $buku
#0 C:\xampp\htdocs\perpustakaan\app\Views\dashboard\buku_edit.php(22): CodeIgniter\Debug\Exceptions->errorHandler(2, 'Undefined varia...', 'C:\\xampp\\htdocs...', 22)
#1 C:\xampp\htdocs\perpustakaan\system\View\View.php(214): include('C:\\xampp\\htdocs...')
#2 C:\xampp\htdocs\perpustakaan\system\View\View.php(217): CodeIgniter\View\View->CodeIgniter\View\{closure}()
#3 C:\xampp\htdocs\perpustakaan\system\Common.php(1097): CodeIgniter\View\View->render('dashboard/buku_...', Array, true)
#4 C:\xampp\htdocs\perpustakaan\app\Controllers\Buku.php(72): view('dashboard/buku_...', Array)
#5 C:\xampp\htdocs\perpustakaan\system\CodeIgniter.php(824): App\Controllers\Buku->edit('1')
#6 C:\xampp\htdocs\perpustakaan\system\CodeIgniter.php(410): CodeIgniter\CodeIgniter->runController(Object(App\Controllers\Buku))
#7 C:\xampp\htdocs\perpustakaan\system\CodeIgniter.php(318): CodeIgniter\CodeIgniter->handleRequest(NULL, Object(Config\Cache), false)
#8 C:\xampp\htdocs\perpustakaan\public\index.php(37): CodeIgniter\CodeIgniter->run()
#9 C:\xampp\htdocs\perpustakaan\system\Commands\Server\rewrite.php(43): require_once('C:\\xampp\\htdocs...')
#10 {main}
CRITICAL - 2021-12-23 23:18:17 --> Undefined variable $buku
#0 C:\xampp\htdocs\perpustakaan\app\Views\dashboard\buku_edit.php(22): CodeIgniter\Debug\Exceptions->errorHandler(2, 'Undefined varia...', 'C:\\xampp\\htdocs...', 22)
#1 C:\xampp\htdocs\perpustakaan\system\View\View.php(214): include('C:\\xampp\\htdocs...')
#2 C:\xampp\htdocs\perpustakaan\system\View\View.php(217): CodeIgniter\View\View->CodeIgniter\View\{closure}()
#3 C:\xampp\htdocs\perpustakaan\system\Common.php(1097): CodeIgniter\View\View->render('dashboard/buku_...', Array, true)
#4 C:\xampp\htdocs\perpustakaan\app\Controllers\Buku.php(72): view('dashboard/buku_...', Array)
#5 C:\xampp\htdocs\perpustakaan\system\CodeIgniter.php(824): App\Controllers\Buku->edit('1')
#6 C:\xampp\htdocs\perpustakaan\system\CodeIgniter.php(410): CodeIgniter\CodeIgniter->runController(Object(App\Controllers\Buku))
#7 C:\xampp\htdocs\perpustakaan\system\CodeIgniter.php(318): CodeIgniter\CodeIgniter->handleRequest(NULL, Object(Config\Cache), false)
#8 C:\xampp\htdocs\perpustakaan\public\index.php(37): CodeIgniter\CodeIgniter->run()
#9 C:\xampp\htdocs\perpustakaan\system\Commands\Server\rewrite.php(43): require_once('C:\\xampp\\htdocs...')
#10 {main}
CRITICAL - 2021-12-23 23:18:18 --> Undefined variable $buku
#0 C:\xampp\htdocs\perpustakaan\app\Views\dashboard\buku_edit.php(22): CodeIgniter\Debug\Exceptions->errorHandler(2, 'Undefined varia...', 'C:\\xampp\\htdocs...', 22)
#1 C:\xampp\htdocs\perpustakaan\system\View\View.php(214): include('C:\\xampp\\htdocs...')
#2 C:\xampp\htdocs\perpustakaan\system\View\View.php(217): CodeIgniter\View\View->CodeIgniter\View\{closure}()
#3 C:\xampp\htdocs\perpustakaan\system\Common.php(1097): CodeIgniter\View\View->render('dashboard/buku_...', Array, true)
#4 C:\xampp\htdocs\perpustakaan\app\Controllers\Buku.php(72): view('dashboard/buku_...', Array)
#5 C:\xampp\htdocs\perpustakaan\system\CodeIgniter.php(824): App\Controllers\Buku->edit('1')
#6 C:\xampp\htdocs\perpustakaan\system\CodeIgniter.php(410): CodeIgniter\CodeIgniter->runController(Object(App\Controllers\Buku))
#7 C:\xampp\htdocs\perpustakaan\system\CodeIgniter.php(318): CodeIgniter\CodeIgniter->handleRequest(NULL, Object(Config\Cache), false)
#8 C:\xampp\htdocs\perpustakaan\public\index.php(37): CodeIgniter\CodeIgniter->run()
#9 C:\xampp\htdocs\perpustakaan\system\Commands\Server\rewrite.php(43): require_once('C:\\xampp\\htdocs...')
#10 {main}
CRITICAL - 2021-12-23 23:18:18 --> Undefined variable $buku
#0 C:\xampp\htdocs\perpustakaan\app\Views\dashboard\buku_edit.php(22): CodeIgniter\Debug\Exceptions->errorHandler(2, 'Undefined varia...', 'C:\\xampp\\htdocs...', 22)
#1 C:\xampp\htdocs\perpustakaan\system\View\View.php(214): include('C:\\xampp\\htdocs...')
#2 C:\xampp\htdocs\perpustakaan\system\View\View.php(217): CodeIgniter\View\View->CodeIgniter\View\{closure}()
#3 C:\xampp\htdocs\perpustakaan\system\Common.php(1097): CodeIgniter\View\View->render('dashboard/buku_...', Array, true)
#4 C:\xampp\htdocs\perpustakaan\app\Controllers\Buku.php(72): view('dashboard/buku_...', Array)
#5 C:\xampp\htdocs\perpustakaan\system\CodeIgniter.php(824): App\Controllers\Buku->edit('1')
#6 C:\xampp\htdocs\perpustakaan\system\CodeIgniter.php(410): CodeIgniter\CodeIgniter->runController(Object(App\Controllers\Buku))
#7 C:\xampp\htdocs\perpustakaan\system\CodeIgniter.php(318): CodeIgniter\CodeIgniter->handleRequest(NULL, Object(Config\Cache), false)
#8 C:\xampp\htdocs\perpustakaan\public\index.php(37): CodeIgniter\CodeIgniter->run()
#9 C:\xampp\htdocs\perpustakaan\system\Commands\Server\rewrite.php(43): require_once('C:\\xampp\\htdocs...')
#10 {main}
CRITICAL - 2021-12-23 23:19:21 --> Undefined variable $buku
#0 C:\xampp\htdocs\perpustakaan\app\Views\dashboard\buku_edit.php(22): CodeIgniter\Debug\Exceptions->errorHandler(2, 'Undefined varia...', 'C:\\xampp\\htdocs...', 22)
#1 C:\xampp\htdocs\perpustakaan\system\View\View.php(214): include('C:\\xampp\\htdocs...')
#2 C:\xampp\htdocs\perpustakaan\system\View\View.php(217): CodeIgniter\View\View->CodeIgniter\View\{closure}()
#3 C:\xampp\htdocs\perpustakaan\system\Common.php(1097): CodeIgniter\View\View->render('dashboard/buku_...', Array, true)
#4 C:\xampp\htdocs\perpustakaan\app\Controllers\Buku.php(72): view('dashboard/buku_...', Array)
#5 C:\xampp\htdocs\perpustakaan\system\CodeIgniter.php(824): App\Controllers\Buku->edit('1')
#6 C:\xampp\htdocs\perpustakaan\system\CodeIgniter.php(410): CodeIgniter\CodeIgniter->runController(Object(App\Controllers\Buku))
#7 C:\xampp\htdocs\perpustakaan\system\CodeIgniter.php(318): CodeIgniter\CodeIgniter->handleRequest(NULL, Object(Config\Cache), false)
#8 C:\xampp\htdocs\perpustakaan\public\index.php(37): CodeIgniter\CodeIgniter->run()
#9 C:\xampp\htdocs\perpustakaan\system\Commands\Server\rewrite.php(43): require_once('C:\\xampp\\htdocs...')
#10 {main}
CRITICAL - 2021-12-23 23:19:22 --> Undefined variable $buku
#0 C:\xampp\htdocs\perpustakaan\app\Views\dashboard\buku_edit.php(22): CodeIgniter\Debug\Exceptions->errorHandler(2, 'Undefined varia...', 'C:\\xampp\\htdocs...', 22)
#1 C:\xampp\htdocs\perpustakaan\system\View\View.php(214): include('C:\\xampp\\htdocs...')
#2 C:\xampp\htdocs\perpustakaan\system\View\View.php(217): CodeIgniter\View\View->CodeIgniter\View\{closure}()
#3 C:\xampp\htdocs\perpustakaan\system\Common.php(1097): CodeIgniter\View\View->render('dashboard/buku_...', Array, true)
#4 C:\xampp\htdocs\perpustakaan\app\Controllers\Buku.php(72): view('dashboard/buku_...', Array)
#5 C:\xampp\htdocs\perpustakaan\system\CodeIgniter.php(824): App\Controllers\Buku->edit('1')
#6 C:\xampp\htdocs\perpustakaan\system\CodeIgniter.php(410): CodeIgniter\CodeIgniter->runController(Object(App\Controllers\Buku))
#7 C:\xampp\htdocs\perpustakaan\system\CodeIgniter.php(318): CodeIgniter\CodeIgniter->handleRequest(NULL, Object(Config\Cache), false)
#8 C:\xampp\htdocs\perpustakaan\public\index.php(37): CodeIgniter\CodeIgniter->run()
#9 C:\xampp\htdocs\perpustakaan\system\Commands\Server\rewrite.php(43): require_once('C:\\xampp\\htdocs...')
#10 {main}
CRITICAL - 2021-12-23 23:19:22 --> Undefined variable $buku
#0 C:\xampp\htdocs\perpustakaan\app\Views\dashboard\buku_edit.php(22): CodeIgniter\Debug\Exceptions->errorHandler(2, 'Undefined varia...', 'C:\\xampp\\htdocs...', 22)
#1 C:\xampp\htdocs\perpustakaan\system\View\View.php(214): include('C:\\xampp\\htdocs...')
#2 C:\xampp\htdocs\perpustakaan\system\View\View.php(217): CodeIgniter\View\View->CodeIgniter\View\{closure}()
#3 C:\xampp\htdocs\perpustakaan\system\Common.php(1097): CodeIgniter\View\View->render('dashboard/buku_...', Array, true)
#4 C:\xampp\htdocs\perpustakaan\app\Controllers\Buku.php(72): view('dashboard/buku_...', Array)
#5 C:\xampp\htdocs\perpustakaan\system\CodeIgniter.php(824): App\Controllers\Buku->edit('1')
#6 C:\xampp\htdocs\perpustakaan\system\CodeIgniter.php(410): CodeIgniter\CodeIgniter->runController(Object(App\Controllers\Buku))
#7 C:\xampp\htdocs\perpustakaan\system\CodeIgniter.php(318): CodeIgniter\CodeIgniter->handleRequest(NULL, Object(Config\Cache), false)
#8 C:\xampp\htdocs\perpustakaan\public\index.php(37): CodeIgniter\CodeIgniter->run()
#9 C:\xampp\htdocs\perpustakaan\system\Commands\Server\rewrite.php(43): require_once('C:\\xampp\\htdocs...')
#10 {main}
CRITICAL - 2021-12-23 23:19:22 --> Undefined variable $buku
#0 C:\xampp\htdocs\perpustakaan\app\Views\dashboard\buku_edit.php(22): CodeIgniter\Debug\Exceptions->errorHandler(2, 'Undefined varia...', 'C:\\xampp\\htdocs...', 22)
#1 C:\xampp\htdocs\perpustakaan\system\View\View.php(214): include('C:\\xampp\\htdocs...')
#2 C:\xampp\htdocs\perpustakaan\system\View\View.php(217): CodeIgniter\View\View->CodeIgniter\View\{closure}()
#3 C:\xampp\htdocs\perpustakaan\system\Common.php(1097): CodeIgniter\View\View->render('dashboard/buku_...', Array, true)
#4 C:\xampp\htdocs\perpustakaan\app\Controllers\Buku.php(72): view('dashboard/buku_...', Array)
#5 C:\xampp\htdocs\perpustakaan\system\CodeIgniter.php(824): App\Controllers\Buku->edit('1')
#6 C:\xampp\htdocs\perpustakaan\system\CodeIgniter.php(410): CodeIgniter\CodeIgniter->runController(Object(App\Controllers\Buku))
#7 C:\xampp\htdocs\perpustakaan\system\CodeIgniter.php(318): CodeIgniter\CodeIgniter->handleRequest(NULL, Object(Config\Cache), false)
#8 C:\xampp\htdocs\perpustakaan\public\index.php(37): CodeIgniter\CodeIgniter->run()
#9 C:\xampp\htdocs\perpustakaan\system\Commands\Server\rewrite.php(43): require_once('C:\\xampp\\htdocs...')
#10 {main}
CRITICAL - 2021-12-23 23:19:23 --> Undefined variable $buku
#0 C:\xampp\htdocs\perpustakaan\app\Views\dashboard\buku_edit.php(22): CodeIgniter\Debug\Exceptions->errorHandler(2, 'Undefined varia...', 'C:\\xampp\\htdocs...', 22)
#1 C:\xampp\htdocs\perpustakaan\system\View\View.php(214): include('C:\\xampp\\htdocs...')
#2 C:\xampp\htdocs\perpustakaan\system\View\View.php(217): CodeIgniter\View\View->CodeIgniter\View\{closure}()
#3 C:\xampp\htdocs\perpustakaan\system\Common.php(1097): CodeIgniter\View\View->render('dashboard/buku_...', Array, true)
#4 C:\xampp\htdocs\perpustakaan\app\Controllers\Buku.php(72): view('dashboard/buku_...', Array)
#5 C:\xampp\htdocs\perpustakaan\system\CodeIgniter.php(824): App\Controllers\Buku->edit('1')
#6 C:\xampp\htdocs\perpustakaan\system\CodeIgniter.php(410): CodeIgniter\CodeIgniter->runController(Object(App\Controllers\Buku))
#7 C:\xampp\htdocs\perpustakaan\system\CodeIgniter.php(318): CodeIgniter\CodeIgniter->handleRequest(NULL, Object(Config\Cache), false)
#8 C:\xampp\htdocs\perpustakaan\public\index.php(37): CodeIgniter\CodeIgniter->run()
#9 C:\xampp\htdocs\perpustakaan\system\Commands\Server\rewrite.php(43): require_once('C:\\xampp\\htdocs...')
#10 {main}
CRITICAL - 2021-12-23 23:19:23 --> Undefined variable $buku
#0 C:\xampp\htdocs\perpustakaan\app\Views\dashboard\buku_edit.php(22): CodeIgniter\Debug\Exceptions->errorHandler(2, 'Undefined varia...', 'C:\\xampp\\htdocs...', 22)
#1 C:\xampp\htdocs\perpustakaan\system\View\View.php(214): include('C:\\xampp\\htdocs...')
#2 C:\xampp\htdocs\perpustakaan\system\View\View.php(217): CodeIgniter\View\View->CodeIgniter\View\{closure}()
#3 C:\xampp\htdocs\perpustakaan\system\Common.php(1097): CodeIgniter\View\View->render('dashboard/buku_...', Array, true)
#4 C:\xampp\htdocs\perpustakaan\app\Controllers\Buku.php(72): view('dashboard/buku_...', Array)
#5 C:\xampp\htdocs\perpustakaan\system\CodeIgniter.php(824): App\Controllers\Buku->edit('1')
#6 C:\xampp\htdocs\perpustakaan\system\CodeIgniter.php(410): CodeIgniter\CodeIgniter->runController(Object(App\Controllers\Buku))
#7 C:\xampp\htdocs\perpustakaan\system\CodeIgniter.php(318): CodeIgniter\CodeIgniter->handleRequest(NULL, Object(Config\Cache), false)
#8 C:\xampp\htdocs\perpustakaan\public\index.php(37): CodeIgniter\CodeIgniter->run()
#9 C:\xampp\htdocs\perpustakaan\system\Commands\Server\rewrite.php(43): require_once('C:\\xampp\\htdocs...')
#10 {main}
CRITICAL - 2021-12-23 23:19:23 --> Undefined variable $buku
#0 C:\xampp\htdocs\perpustakaan\app\Views\dashboard\buku_edit.php(22): CodeIgniter\Debug\Exceptions->errorHandler(2, 'Undefined varia...', 'C:\\xampp\\htdocs...', 22)
#1 C:\xampp\htdocs\perpustakaan\system\View\View.php(214): include('C:\\xampp\\htdocs...')
#2 C:\xampp\htdocs\perpustakaan\system\View\View.php(217): CodeIgniter\View\View->CodeIgniter\View\{closure}()
#3 C:\xampp\htdocs\perpustakaan\system\Common.php(1097): CodeIgniter\View\View->render('dashboard/buku_...', Array, true)
#4 C:\xampp\htdocs\perpustakaan\app\Controllers\Buku.php(72): view('dashboard/buku_...', Array)
#5 C:\xampp\htdocs\perpustakaan\system\CodeIgniter.php(824): App\Controllers\Buku->edit('1')
#6 C:\xampp\htdocs\perpustakaan\system\CodeIgniter.php(410): CodeIgniter\CodeIgniter->runController(Object(App\Controllers\Buku))
#7 C:\xampp\htdocs\perpustakaan\system\CodeIgniter.php(318): CodeIgniter\CodeIgniter->handleRequest(NULL, Object(Config\Cache), false)
#8 C:\xampp\htdocs\perpustakaan\public\index.php(37): CodeIgniter\CodeIgniter->run()
#9 C:\xampp\htdocs\perpustakaan\system\Commands\Server\rewrite.php(43): require_once('C:\\xampp\\htdocs...')
#10 {main}
CRITICAL - 2021-12-23 23:19:23 --> Undefined variable $buku
#0 C:\xampp\htdocs\perpustakaan\app\Views\dashboard\buku_edit.php(22): CodeIgniter\Debug\Exceptions->errorHandler(2, 'Undefined varia...', 'C:\\xampp\\htdocs...', 22)
#1 C:\xampp\htdocs\perpustakaan\system\View\View.php(214): include('C:\\xampp\\htdocs...')
#2 C:\xampp\htdocs\perpustakaan\system\View\View.php(217): CodeIgniter\View\View->CodeIgniter\View\{closure}()
#3 C:\xampp\htdocs\perpustakaan\system\Common.php(1097): CodeIgniter\View\View->render('dashboard/buku_...', Array, true)
#4 C:\xampp\htdocs\perpustakaan\app\Controllers\Buku.php(72): view('dashboard/buku_...', Array)
#5 C:\xampp\htdocs\perpustakaan\system\CodeIgniter.php(824): App\Controllers\Buku->edit('1')
#6 C:\xampp\htdocs\perpustakaan\system\CodeIgniter.php(410): CodeIgniter\CodeIgniter->runController(Object(App\Controllers\Buku))
#7 C:\xampp\htdocs\perpustakaan\system\CodeIgniter.php(318): CodeIgniter\CodeIgniter->handleRequest(NULL, Object(Config\Cache), false)
#8 C:\xampp\htdocs\perpustakaan\public\index.php(37): CodeIgniter\CodeIgniter->run()
#9 C:\xampp\htdocs\perpustakaan\system\Commands\Server\rewrite.php(43): require_once('C:\\xampp\\htdocs...')
#10 {main}
CRITICAL - 2021-12-23 23:19:23 --> Undefined variable $buku
#0 C:\xampp\htdocs\perpustakaan\app\Views\dashboard\buku_edit.php(22): CodeIgniter\Debug\Exceptions->errorHandler(2, 'Undefined varia...', 'C:\\xampp\\htdocs...', 22)
#1 C:\xampp\htdocs\perpustakaan\system\View\View.php(214): include('C:\\xampp\\htdocs...')
#2 C:\xampp\htdocs\perpustakaan\system\View\View.php(217): CodeIgniter\View\View->CodeIgniter\View\{closure}()
#3 C:\xampp\htdocs\perpustakaan\system\Common.php(1097): CodeIgniter\View\View->render('dashboard/buku_...', Array, true)
#4 C:\xampp\htdocs\perpustakaan\app\Controllers\Buku.php(72): view('dashboard/buku_...', Array)
#5 C:\xampp\htdocs\perpustakaan\system\CodeIgniter.php(824): App\Controllers\Buku->edit('1')
#6 C:\xampp\htdocs\perpustakaan\system\CodeIgniter.php(410): CodeIgniter\CodeIgniter->runController(Object(App\Controllers\Buku))
#7 C:\xampp\htdocs\perpustakaan\system\CodeIgniter.php(318): CodeIgniter\CodeIgniter->handleRequest(NULL, Object(Config\Cache), false)
#8 C:\xampp\htdocs\perpustakaan\public\index.php(37): CodeIgniter\CodeIgniter->run()
#9 C:\xampp\htdocs\perpustakaan\system\Commands\Server\rewrite.php(43): require_once('C:\\xampp\\htdocs...')
#10 {main}
CRITICAL - 2021-12-23 23:19:27 --> Undefined variable $buku
#0 C:\xampp\htdocs\perpustakaan\app\Views\dashboard\buku_edit.php(22): CodeIgniter\Debug\Exceptions->errorHandler(2, 'Undefined varia...', 'C:\\xampp\\htdocs...', 22)
#1 C:\xampp\htdocs\perpustakaan\system\View\View.php(214): include('C:\\xampp\\htdocs...')
#2 C:\xampp\htdocs\perpustakaan\system\View\View.php(217): CodeIgniter\View\View->CodeIgniter\View\{closure}()
#3 C:\xampp\htdocs\perpustakaan\system\Common.php(1097): CodeIgniter\View\View->render('dashboard/buku_...', Array, true)
#4 C:\xampp\htdocs\perpustakaan\app\Controllers\Buku.php(72): view('dashboard/buku_...', Array)
#5 C:\xampp\htdocs\perpustakaan\system\CodeIgniter.php(824): App\Controllers\Buku->edit('1')
#6 C:\xampp\htdocs\perpustakaan\system\CodeIgniter.php(410): CodeIgniter\CodeIgniter->runController(Object(App\Controllers\Buku))
#7 C:\xampp\htdocs\perpustakaan\system\CodeIgniter.php(318): CodeIgniter\CodeIgniter->handleRequest(NULL, Object(Config\Cache), false)
#8 C:\xampp\htdocs\perpustakaan\public\index.php(37): CodeIgniter\CodeIgniter->run()
#9 C:\xampp\htdocs\perpustakaan\system\Commands\Server\rewrite.php(43): require_once('C:\\xampp\\htdocs...')
#10 {main}
CRITICAL - 2021-12-23 23:20:58 --> Undefined variable $buku
#0 C:\xampp\htdocs\perpustakaan\app\Views\dashboard\buku_edit.php(22): CodeIgniter\Debug\Exceptions->errorHandler(2, 'Undefined varia...', 'C:\\xampp\\htdocs...', 22)
#1 C:\xampp\htdocs\perpustakaan\system\View\View.php(214): include('C:\\xampp\\htdocs...')
#2 C:\xampp\htdocs\perpustakaan\system\View\View.php(217): CodeIgniter\View\View->CodeIgniter\View\{closure}()
#3 C:\xampp\htdocs\perpustakaan\system\Common.php(1097): CodeIgniter\View\View->render('dashboard/buku_...', Array, true)
#4 C:\xampp\htdocs\perpustakaan\app\Controllers\Buku.php(72): view('dashboard/buku_...', Array)
#5 C:\xampp\htdocs\perpustakaan\system\CodeIgniter.php(824): App\Controllers\Buku->edit('1')
#6 C:\xampp\htdocs\perpustakaan\system\CodeIgniter.php(410): CodeIgniter\CodeIgniter->runController(Object(App\Controllers\Buku))
#7 C:\xampp\htdocs\perpustakaan\system\CodeIgniter.php(318): CodeIgniter\CodeIgniter->handleRequest(NULL, Object(Config\Cache), false)
#8 C:\xampp\htdocs\perpustakaan\public\index.php(37): CodeIgniter\CodeIgniter->run()
#9 C:\xampp\htdocs\perpustakaan\system\Commands\Server\rewrite.php(43): require_once('C:\\xampp\\htdocs...')
#10 {main}
CRITICAL - 2021-12-23 23:20:59 --> Undefined variable $buku
#0 C:\xampp\htdocs\perpustakaan\app\Views\dashboard\buku_edit.php(22): CodeIgniter\Debug\Exceptions->errorHandler(2, 'Undefined varia...', 'C:\\xampp\\htdocs...', 22)
#1 C:\xampp\htdocs\perpustakaan\system\View\View.php(214): include('C:\\xampp\\htdocs...')
#2 C:\xampp\htdocs\perpustakaan\system\View\View.php(217): CodeIgniter\View\View->CodeIgniter\View\{closure}()
#3 C:\xampp\htdocs\perpustakaan\system\Common.php(1097): CodeIgniter\View\View->render('dashboard/buku_...', Array, true)
#4 C:\xampp\htdocs\perpustakaan\app\Controllers\Buku.php(72): view('dashboard/buku_...', Array)
#5 C:\xampp\htdocs\perpustakaan\system\CodeIgniter.php(824): App\Controllers\Buku->edit('1')
#6 C:\xampp\htdocs\perpustakaan\system\CodeIgniter.php(410): CodeIgniter\CodeIgniter->runController(Object(App\Controllers\Buku))
#7 C:\xampp\htdocs\perpustakaan\system\CodeIgniter.php(318): CodeIgniter\CodeIgniter->handleRequest(NULL, Object(Config\Cache), false)
#8 C:\xampp\htdocs\perpustakaan\public\index.php(37): CodeIgniter\CodeIgniter->run()
#9 C:\xampp\htdocs\perpustakaan\system\Commands\Server\rewrite.php(43): require_once('C:\\xampp\\htdocs...')
#10 {main}
CRITICAL - 2021-12-23 23:20:59 --> Undefined variable $buku
#0 C:\xampp\htdocs\perpustakaan\app\Views\dashboard\buku_edit.php(22): CodeIgniter\Debug\Exceptions->errorHandler(2, 'Undefined varia...', 'C:\\xampp\\htdocs...', 22)
#1 C:\xampp\htdocs\perpustakaan\system\View\View.php(214): include('C:\\xampp\\htdocs...')
#2 C:\xampp\htdocs\perpustakaan\system\View\View.php(217): CodeIgniter\View\View->CodeIgniter\View\{closure}()
#3 C:\xampp\htdocs\perpustakaan\system\Common.php(1097): CodeIgniter\View\View->render('dashboard/buku_...', Array, true)
#4 C:\xampp\htdocs\perpustakaan\app\Controllers\Buku.php(72): view('dashboard/buku_...', Array)
#5 C:\xampp\htdocs\perpustakaan\system\CodeIgniter.php(824): App\Controllers\Buku->edit('1')
#6 C:\xampp\htdocs\perpustakaan\system\CodeIgniter.php(410): CodeIgniter\CodeIgniter->runController(Object(App\Controllers\Buku))
#7 C:\xampp\htdocs\perpustakaan\system\CodeIgniter.php(318): CodeIgniter\CodeIgniter->handleRequest(NULL, Object(Config\Cache), false)
#8 C:\xampp\htdocs\perpustakaan\public\index.php(37): CodeIgniter\CodeIgniter->run()
#9 C:\xampp\htdocs\perpustakaan\system\Commands\Server\rewrite.php(43): require_once('C:\\xampp\\htdocs...')
#10 {main}
CRITICAL - 2021-12-23 23:20:59 --> Undefined variable $buku
#0 C:\xampp\htdocs\perpustakaan\app\Views\dashboard\buku_edit.php(22): CodeIgniter\Debug\Exceptions->errorHandler(2, 'Undefined varia...', 'C:\\xampp\\htdocs...', 22)
#1 C:\xampp\htdocs\perpustakaan\system\View\View.php(214): include('C:\\xampp\\htdocs...')
#2 C:\xampp\htdocs\perpustakaan\system\View\View.php(217): CodeIgniter\View\View->CodeIgniter\View\{closure}()
#3 C:\xampp\htdocs\perpustakaan\system\Common.php(1097): CodeIgniter\View\View->render('dashboard/buku_...', Array, true)
#4 C:\xampp\htdocs\perpustakaan\app\Controllers\Buku.php(72): view('dashboard/buku_...', Array)
#5 C:\xampp\htdocs\perpustakaan\system\CodeIgniter.php(824): App\Controllers\Buku->edit('1')
#6 C:\xampp\htdocs\perpustakaan\system\CodeIgniter.php(410): CodeIgniter\CodeIgniter->runController(Object(App\Controllers\Buku))
#7 C:\xampp\htdocs\perpustakaan\system\CodeIgniter.php(318): CodeIgniter\CodeIgniter->handleRequest(NULL, Object(Config\Cache), false)
#8 C:\xampp\htdocs\perpustakaan\public\index.php(37): CodeIgniter\CodeIgniter->run()
#9 C:\xampp\htdocs\perpustakaan\system\Commands\Server\rewrite.php(43): require_once('C:\\xampp\\htdocs...')
#10 {main}
CRITICAL - 2021-12-23 23:21:00 --> Undefined variable $buku
#0 C:\xampp\htdocs\perpustakaan\app\Views\dashboard\buku_edit.php(22): CodeIgniter\Debug\Exceptions->errorHandler(2, 'Undefined varia...', 'C:\\xampp\\htdocs...', 22)
#1 C:\xampp\htdocs\perpustakaan\system\View\View.php(214): include('C:\\xampp\\htdocs...')
#2 C:\xampp\htdocs\perpustakaan\system\View\View.php(217): CodeIgniter\View\View->CodeIgniter\View\{closure}()
#3 C:\xampp\htdocs\perpustakaan\system\Common.php(1097): CodeIgniter\View\View->render('dashboard/buku_...', Array, true)
#4 C:\xampp\htdocs\perpustakaan\app\Controllers\Buku.php(72): view('dashboard/buku_...', Array)
#5 C:\xampp\htdocs\perpustakaan\system\CodeIgniter.php(824): App\Controllers\Buku->edit('1')
#6 C:\xampp\htdocs\perpustakaan\system\CodeIgniter.php(410): CodeIgniter\CodeIgniter->runController(Object(App\Controllers\Buku))
#7 C:\xampp\htdocs\perpustakaan\system\CodeIgniter.php(318): CodeIgniter\CodeIgniter->handleRequest(NULL, Object(Config\Cache), false)
#8 C:\xampp\htdocs\perpustakaan\public\index.php(37): CodeIgniter\CodeIgniter->run()
#9 C:\xampp\htdocs\perpustakaan\system\Commands\Server\rewrite.php(43): require_once('C:\\xampp\\htdocs...')
#10 {main}
CRITICAL - 2021-12-23 23:21:00 --> Undefined variable $buku
#0 C:\xampp\htdocs\perpustakaan\app\Views\dashboard\buku_edit.php(22): CodeIgniter\Debug\Exceptions->errorHandler(2, 'Undefined varia...', 'C:\\xampp\\htdocs...', 22)
#1 C:\xampp\htdocs\perpustakaan\system\View\View.php(214): include('C:\\xampp\\htdocs...')
#2 C:\xampp\htdocs\perpustakaan\system\View\View.php(217): CodeIgniter\View\View->CodeIgniter\View\{closure}()
#3 C:\xampp\htdocs\perpustakaan\system\Common.php(1097): CodeIgniter\View\View->render('dashboard/buku_...', Array, true)
#4 C:\xampp\htdocs\perpustakaan\app\Controllers\Buku.php(72): view('dashboard/buku_...', Array)
#5 C:\xampp\htdocs\perpustakaan\system\CodeIgniter.php(824): App\Controllers\Buku->edit('1')
#6 C:\xampp\htdocs\perpustakaan\system\CodeIgniter.php(410): CodeIgniter\CodeIgniter->runController(Object(App\Controllers\Buku))
#7 C:\xampp\htdocs\perpustakaan\system\CodeIgniter.php(318): CodeIgniter\CodeIgniter->handleRequest(NULL, Object(Config\Cache), false)
#8 C:\xampp\htdocs\perpustakaan\public\index.php(37): CodeIgniter\CodeIgniter->run()
#9 C:\xampp\htdocs\perpustakaan\system\Commands\Server\rewrite.php(43): require_once('C:\\xampp\\htdocs...')
#10 {main}
CRITICAL - 2021-12-23 23:21:00 --> Undefined variable $buku
#0 C:\xampp\htdocs\perpustakaan\app\Views\dashboard\buku_edit.php(22): CodeIgniter\Debug\Exceptions->errorHandler(2, 'Undefined varia...', 'C:\\xampp\\htdocs...', 22)
#1 C:\xampp\htdocs\perpustakaan\system\View\View.php(214): include('C:\\xampp\\htdocs...')
#2 C:\xampp\htdocs\perpustakaan\system\View\View.php(217): CodeIgniter\View\View->CodeIgniter\View\{closure}()
#3 C:\xampp\htdocs\perpustakaan\system\Common.php(1097): CodeIgniter\View\View->render('dashboard/buku_...', Array, true)
#4 C:\xampp\htdocs\perpustakaan\app\Controllers\Buku.php(72): view('dashboard/buku_...', Array)
#5 C:\xampp\htdocs\perpustakaan\system\CodeIgniter.php(824): App\Controllers\Buku->edit('1')
#6 C:\xampp\htdocs\perpustakaan\system\CodeIgniter.php(410): CodeIgniter\CodeIgniter->runController(Object(App\Controllers\Buku))
#7 C:\xampp\htdocs\perpustakaan\system\CodeIgniter.php(318): CodeIgniter\CodeIgniter->handleRequest(NULL, Object(Config\Cache), false)
#8 C:\xampp\htdocs\perpustakaan\public\index.php(37): CodeIgniter\CodeIgniter->run()
#9 C:\xampp\htdocs\perpustakaan\system\Commands\Server\rewrite.php(43): require_once('C:\\xampp\\htdocs...')
#10 {main}
CRITICAL - 2021-12-23 23:21:00 --> Undefined variable $buku
#0 C:\xampp\htdocs\perpustakaan\app\Views\dashboard\buku_edit.php(22): CodeIgniter\Debug\Exceptions->errorHandler(2, 'Undefined varia...', 'C:\\xampp\\htdocs...', 22)
#1 C:\xampp\htdocs\perpustakaan\system\View\View.php(214): include('C:\\xampp\\htdocs...')
#2 C:\xampp\htdocs\perpustakaan\system\View\View.php(217): CodeIgniter\View\View->CodeIgniter\View\{closure}()
#3 C:\xampp\htdocs\perpustakaan\system\Common.php(1097): CodeIgniter\View\View->render('dashboard/buku_...', Array, true)
#4 C:\xampp\htdocs\perpustakaan\app\Controllers\Buku.php(72): view('dashboard/buku_...', Array)
#5 C:\xampp\htdocs\perpustakaan\system\CodeIgniter.php(824): App\Controllers\Buku->edit('1')
#6 C:\xampp\htdocs\perpustakaan\system\CodeIgniter.php(410): CodeIgniter\CodeIgniter->runController(Object(App\Controllers\Buku))
#7 C:\xampp\htdocs\perpustakaan\system\CodeIgniter.php(318): CodeIgniter\CodeIgniter->handleRequest(NULL, Object(Config\Cache), false)
#8 C:\xampp\htdocs\perpustakaan\public\index.php(37): CodeIgniter\CodeIgniter->run()
#9 C:\xampp\htdocs\perpustakaan\system\Commands\Server\rewrite.php(43): require_once('C:\\xampp\\htdocs...')
#10 {main}
CRITICAL - 2021-12-23 23:21:01 --> Undefined variable $buku
#0 C:\xampp\htdocs\perpustakaan\app\Views\dashboard\buku_edit.php(22): CodeIgniter\Debug\Exceptions->errorHandler(2, 'Undefined varia...', 'C:\\xampp\\htdocs...', 22)
#1 C:\xampp\htdocs\perpustakaan\system\View\View.php(214): include('C:\\xampp\\htdocs...')
#2 C:\xampp\htdocs\perpustakaan\system\View\View.php(217): CodeIgniter\View\View->CodeIgniter\View\{closure}()
#3 C:\xampp\htdocs\perpustakaan\system\Common.php(1097): CodeIgniter\View\View->render('dashboard/buku_...', Array, true)
#4 C:\xampp\htdocs\perpustakaan\app\Controllers\Buku.php(72): view('dashboard/buku_...', Array)
#5 C:\xampp\htdocs\perpustakaan\system\CodeIgniter.php(824): App\Controllers\Buku->edit('1')
#6 C:\xampp\htdocs\perpustakaan\system\CodeIgniter.php(410): CodeIgniter\CodeIgniter->runController(Object(App\Controllers\Buku))
#7 C:\xampp\htdocs\perpustakaan\system\CodeIgniter.php(318): CodeIgniter\CodeIgniter->handleRequest(NULL, Object(Config\Cache), false)
#8 C:\xampp\htdocs\perpustakaan\public\index.php(37): CodeIgniter\CodeIgniter->run()
#9 C:\xampp\htdocs\perpustakaan\system\Commands\Server\rewrite.php(43): require_once('C:\\xampp\\htdocs...')
#10 {main}
CRITICAL - 2021-12-23 23:21:01 --> Undefined variable $buku
#0 C:\xampp\htdocs\perpustakaan\app\Views\dashboard\buku_edit.php(22): CodeIgniter\Debug\Exceptions->errorHandler(2, 'Undefined varia...', 'C:\\xampp\\htdocs...', 22)
#1 C:\xampp\htdocs\perpustakaan\system\View\View.php(214): include('C:\\xampp\\htdocs...')
#2 C:\xampp\htdocs\perpustakaan\system\View\View.php(217): CodeIgniter\View\View->CodeIgniter\View\{closure}()
#3 C:\xampp\htdocs\perpustakaan\system\Common.php(1097): CodeIgniter\View\View->render('dashboard/buku_...', Array, true)
#4 C:\xampp\htdocs\perpustakaan\app\Controllers\Buku.php(72): view('dashboard/buku_...', Array)
#5 C:\xampp\htdocs\perpustakaan\system\CodeIgniter.php(824): App\Controllers\Buku->edit('1')
#6 C:\xampp\htdocs\perpustakaan\system\CodeIgniter.php(410): CodeIgniter\CodeIgniter->runController(Object(App\Controllers\Buku))
#7 C:\xampp\htdocs\perpustakaan\system\CodeIgniter.php(318): CodeIgniter\CodeIgniter->handleRequest(NULL, Object(Config\Cache), false)
#8 C:\xampp\htdocs\perpustakaan\public\index.php(37): CodeIgniter\CodeIgniter->run()
#9 C:\xampp\htdocs\perpustakaan\system\Commands\Server\rewrite.php(43): require_once('C:\\xampp\\htdocs...')
#10 {main}
CRITICAL - 2021-12-23 23:21:01 --> Undefined variable $buku
#0 C:\xampp\htdocs\perpustakaan\app\Views\dashboard\buku_edit.php(22): CodeIgniter\Debug\Exceptions->errorHandler(2, 'Undefined varia...', 'C:\\xampp\\htdocs...', 22)
#1 C:\xampp\htdocs\perpustakaan\system\View\View.php(214): include('C:\\xampp\\htdocs...')
#2 C:\xampp\htdocs\perpustakaan\system\View\View.php(217): CodeIgniter\View\View->CodeIgniter\View\{closure}()
#3 C:\xampp\htdocs\perpustakaan\system\Common.php(1097): CodeIgniter\View\View->render('dashboard/buku_...', Array, true)
#4 C:\xampp\htdocs\perpustakaan\app\Controllers\Buku.php(72): view('dashboard/buku_...', Array)
#5 C:\xampp\htdocs\perpustakaan\system\CodeIgniter.php(824): App\Controllers\Buku->edit('1')
#6 C:\xampp\htdocs\perpustakaan\system\CodeIgniter.php(410): CodeIgniter\CodeIgniter->runController(Object(App\Controllers\Buku))
#7 C:\xampp\htdocs\perpustakaan\system\CodeIgniter.php(318): CodeIgniter\CodeIgniter->handleRequest(NULL, Object(Config\Cache), false)
#8 C:\xampp\htdocs\perpustakaan\public\index.php(37): CodeIgniter\CodeIgniter->run()
#9 C:\xampp\htdocs\perpustakaan\system\Commands\Server\rewrite.php(43): require_once('C:\\xampp\\htdocs...')
#10 {main}
CRITICAL - 2021-12-23 23:21:02 --> Undefined variable $buku
#0 C:\xampp\htdocs\perpustakaan\app\Views\dashboard\buku_edit.php(22): CodeIgniter\Debug\Exceptions->errorHandler(2, 'Undefined varia...', 'C:\\xampp\\htdocs...', 22)
#1 C:\xampp\htdocs\perpustakaan\system\View\View.php(214): include('C:\\xampp\\htdocs...')
#2 C:\xampp\htdocs\perpustakaan\system\View\View.php(217): CodeIgniter\View\View->CodeIgniter\View\{closure}()
#3 C:\xampp\htdocs\perpustakaan\system\Common.php(1097): CodeIgniter\View\View->render('dashboard/buku_...', Array, true)
#4 C:\xampp\htdocs\perpustakaan\app\Controllers\Buku.php(72): view('dashboard/buku_...', Array)
#5 C:\xampp\htdocs\perpustakaan\system\CodeIgniter.php(824): App\Controllers\Buku->edit('1')
#6 C:\xampp\htdocs\perpustakaan\system\CodeIgniter.php(410): CodeIgniter\CodeIgniter->runController(Object(App\Controllers\Buku))
#7 C:\xampp\htdocs\perpustakaan\system\CodeIgniter.php(318): CodeIgniter\CodeIgniter->handleRequest(NULL, Object(Config\Cache), false)
#8 C:\xampp\htdocs\perpustakaan\public\index.php(37): CodeIgniter\CodeIgniter->run()
#9 C:\xampp\htdocs\perpustakaan\system\Commands\Server\rewrite.php(43): require_once('C:\\xampp\\htdocs...')
#10 {main}
CRITICAL - 2021-12-23 23:21:02 --> Undefined variable $buku
#0 C:\xampp\htdocs\perpustakaan\app\Views\dashboard\buku_edit.php(22): CodeIgniter\Debug\Exceptions->errorHandler(2, 'Undefined varia...', 'C:\\xampp\\htdocs...', 22)
#1 C:\xampp\htdocs\perpustakaan\system\View\View.php(214): include('C:\\xampp\\htdocs...')
#2 C:\xampp\htdocs\perpustakaan\system\View\View.php(217): CodeIgniter\View\View->CodeIgniter\View\{closure}()
#3 C:\xampp\htdocs\perpustakaan\system\Common.php(1097): CodeIgniter\View\View->render('dashboard/buku_...', Array, true)
#4 C:\xampp\htdocs\perpustakaan\app\Controllers\Buku.php(72): view('dashboard/buku_...', Array)
#5 C:\xampp\htdocs\perpustakaan\system\CodeIgniter.php(824): App\Controllers\Buku->edit('1')
#6 C:\xampp\htdocs\perpustakaan\system\CodeIgniter.php(410): CodeIgniter\CodeIgniter->runController(Object(App\Controllers\Buku))
#7 C:\xampp\htdocs\perpustakaan\system\CodeIgniter.php(318): CodeIgniter\CodeIgniter->handleRequest(NULL, Object(Config\Cache), false)
#8 C:\xampp\htdocs\perpustakaan\public\index.php(37): CodeIgniter\CodeIgniter->run()
#9 C:\xampp\htdocs\perpustakaan\system\Commands\Server\rewrite.php(43): require_once('C:\\xampp\\htdocs...')
#10 {main}
CRITICAL - 2021-12-23 23:21:02 --> Undefined variable $buku
#0 C:\xampp\htdocs\perpustakaan\app\Views\dashboard\buku_edit.php(22): CodeIgniter\Debug\Exceptions->errorHandler(2, 'Undefined varia...', 'C:\\xampp\\htdocs...', 22)
#1 C:\xampp\htdocs\perpustakaan\system\View\View.php(214): include('C:\\xampp\\htdocs...')
#2 C:\xampp\htdocs\perpustakaan\system\View\View.php(217): CodeIgniter\View\View->CodeIgniter\View\{closure}()
#3 C:\xampp\htdocs\perpustakaan\system\Common.php(1097): CodeIgniter\View\View->render('dashboard/buku_...', Array, true)
#4 C:\xampp\htdocs\perpustakaan\app\Controllers\Buku.php(72): view('dashboard/buku_...', Array)
#5 C:\xampp\htdocs\perpustakaan\system\CodeIgniter.php(824): App\Controllers\Buku->edit('1')
#6 C:\xampp\htdocs\perpustakaan\system\CodeIgniter.php(410): CodeIgniter\CodeIgniter->runController(Object(App\Controllers\Buku))
#7 C:\xampp\htdocs\perpustakaan\system\CodeIgniter.php(318): CodeIgniter\CodeIgniter->handleRequest(NULL, Object(Config\Cache), false)
#8 C:\xampp\htdocs\perpustakaan\public\index.php(37): CodeIgniter\CodeIgniter->run()
#9 C:\xampp\htdocs\perpustakaan\system\Commands\Server\rewrite.php(43): require_once('C:\\xampp\\htdocs...')
#10 {main}
CRITICAL - 2021-12-23 23:51:34 --> Undefined variable $mahasiswa
#0 C:\xampp\htdocs\perpustakaan\app\Views\dashboard\buku_view.php(19): CodeIgniter\Debug\Exceptions->errorHandler(2, 'Undefined varia...', 'C:\\xampp\\htdocs...', 19)
#1 C:\xampp\htdocs\perpustakaan\system\View\View.php(214): include('C:\\xampp\\htdocs...')
#2 C:\xampp\htdocs\perpustakaan\system\View\View.php(217): CodeIgniter\View\View->CodeIgniter\View\{closure}()
#3 C:\xampp\htdocs\perpustakaan\system\Common.php(1097): CodeIgniter\View\View->render('dashboard/buku_...', Array, true)
#4 C:\xampp\htdocs\perpustakaan\app\Controllers\Buku.php(137): view('dashboard/buku_...', Array)
#5 C:\xampp\htdocs\perpustakaan\system\CodeIgniter.php(824): App\Controllers\Buku->view('1')
#6 C:\xampp\htdocs\perpustakaan\system\CodeIgniter.php(410): CodeIgniter\CodeIgniter->runController(Object(App\Controllers\Buku))
#7 C:\xampp\htdocs\perpustakaan\system\CodeIgniter.php(318): CodeIgniter\CodeIgniter->handleRequest(NULL, Object(Config\Cache), false)
#8 C:\xampp\htdocs\perpustakaan\public\index.php(37): CodeIgniter\CodeIgniter->run()
#9 C:\xampp\htdocs\perpustakaan\system\Commands\Server\rewrite.php(43): require_once('C:\\xampp\\htdocs...')
#10 {main}
